Connect success
insert xong sản lượng ước tính
UpdateTime:Wed Sep 16 2020 10:30:26 GMT+0700 (+07)
insert xong doanh thu ước tính
UpdateTime:Wed Sep 16 2020 10:30:27 GMT+0700 (+07)
insert xong doanh thu ước tính
UpdateTime:Wed Sep 16 2020 10:30:28 GMT+0700 (+07)
insert xong doanh thu ước tính
UpdateTime:Wed Sep 16 2020 10:30:29 GMT+0700 (+07)
insert xong doanh thu ước tính
UpdateTime:Wed Sep 16 2020 10:30:30 GMT+0700 (+07)
insert xong doanh thu ước tính
UpdateTime:Wed Sep 16 2020 10:30:30 GMT+0700 (+07)
insert xong doanh thu ước tính
UpdateTime:Wed Sep 16 2020 10:30:31 GMT+0700 (+07)
insert xong doanh thu ước tính
UpdateTime:Wed Sep 16 2020 10:30:32 GMT+0700 (+07)
insert xong doanh thu ước tính
UpdateTime:Wed Sep 16 2020 10:30:33 GMT+0700 (+07)
insert xong doanh thu ước tính
UpdateTime:Wed Sep 16 2020 10:30:34 GMT+0700 (+07)
insert xong doanh thu ước tính
UpdateTime:Wed Sep 16 2020 10:30:35 GMT+0700 (+07)
insert xong doanh thu ước tính
UpdateTime:Wed Sep 16 2020 10:30:36 GMT+0700 (+07)
insert xong doanh thu ước tính
UpdateTime:Wed Sep 16 2020 10:30:36 GMT+0700 (+07)
insert xong doanh thu ước tính
UpdateTime:Wed Sep 16 2020 10:30:37 GMT+0700 (+07)
insert xong doanh thu ước tính
UpdateTime:Wed Sep 16 2020 10:30:38 GMT+0700 (+07)
insert xong doanh thu ước tính
UpdateTime:Wed Sep 16 2020 10:30:39 GMT+0700 (+07)
insert xong doanh thu ước tính
UpdateTime:Wed Sep 16 2020 10:30:40 GMT+0700 (+07)
insert xong doanh thu ước tính
UpdateTime:Wed Sep 16 2020 10:30:40 GMT+0700 (+07)
insert xong doanh thu ước tính
UpdateTime:Wed Sep 16 2020 10:30:42 GMT+0700 (+07)
insert xong doanh thu ước tính
UpdateTime:Wed Sep 16 2020 10:30:43 GMT+0700 (+07)
insert xong doanh thu ước tính
UpdateTime:Wed Sep 16 2020 10:30:43 GMT+0700 (+07)
insert xong doanh thu ước tính
UpdateTime:Wed Sep 16 2020 10:30:44 GMT+0700 (+07)
insert xong doanh thu ước tính
UpdateTime:Wed Sep 16 2020 10:30:44 GMT+0700 (+07)
insert xong doanh thu ước tính
UpdateTime:Wed Sep 16 2020 10:30:45 GMT+0700 (+07)
insert xong doanh thu ước tính
UpdateTime:Wed Sep 16 2020 10:30:46 GMT+0700 (+07)
insert xong doanh thu ước tính
UpdateTime:Wed Sep 16 2020 10:30:47 GMT+0700 (+07)
insert xong doanh thu ước tính
UpdateTime:Wed Sep 16 2020 10:30:47 GMT+0700 (+07)
insert xong doanh thu ước tính
UpdateTime:Wed Sep 16 2020 10:30:48 GMT+0700 (+07)
insert xong doanh thu ước tính
UpdateTime:Wed Sep 16 2020 10:30:49 GMT+0700 (+07)
insert xong doanh thu ước tính
UpdateTime:Wed Sep 16 2020 10:30:50 GMT+0700 (+07)
insert xong doanh thu ước tính
UpdateTime:Wed Sep 16 2020 10:30:50 GMT+0700 (+07)
insert xong doanh thu ước tính
UpdateTime:Wed Sep 16 2020 10:30:51 GMT+0700 (+07)
insert xong doanh thu ước tính
UpdateTime:Wed Sep 16 2020 10:30:52 GMT+0700 (+07)
insert xong doanh thu ước tính
UpdateTime:Wed Sep 16 2020 10:30:53 GMT+0700 (+07)
insert xong doanh thu ước tính
UpdateTime:Wed Sep 16 2020 10:30:54 GMT+0700 (+07)
insert xong doanh thu ước tính
UpdateTime:Wed Sep 16 2020 10:30:54 GMT+0700 (+07)
insert xong doanh thu ước tính
UpdateTime:Wed Sep 16 2020 10:30:55 GMT+0700 (+07)
insert xong doanh thu ước tính
UpdateTime:Wed Sep 16 2020 10:30:56 GMT+0700 (+07)
insert xong doanh thu ước tính
UpdateTime:Wed Sep 16 2020 10:30:57 GMT+0700 (+07)
insert xong doanh thu ước tính
UpdateTime:Wed Sep 16 2020 10:30:58 GMT+0700 (+07)
insert xong doanh thu ước tính
UpdateTime:Wed Sep 16 2020 10:30:59 GMT+0700 (+07)
insert xong doanh thu ước tính
UpdateTime:Wed Sep 16 2020 10:30:59 GMT+0700 (+07)
insert xong doanh thu ước tính
UpdateTime:Wed Sep 16 2020 10:31:00 GMT+0700 (+07)
insert xong doanh thu ước tính
UpdateTime:Wed Sep 16 2020 10:31:01 GMT+0700 (+07)
insert xong doanh thu ước tính
UpdateTime:Wed Sep 16 2020 10:31:02 GMT+0700 (+07)
insert xong doanh thu ước tính
UpdateTime:Wed Sep 16 2020 10:31:03 GMT+0700 (+07)
insert xong doanh thu ước tính
UpdateTime:Wed Sep 16 2020 10:31:04 GMT+0700 (+07)
insert xong doanh thu ước tính
UpdateTime:Wed Sep 16 2020 10:31:05 GMT+0700 (+07)
insert xong doanh thu ước tính
UpdateTime:Wed Sep 16 2020 10:31:06 GMT+0700 (+07)
insert xong doanh thu ước tính
UpdateTime:Wed Sep 16 2020 10:31:07 GMT+0700 (+07)
insert xong doanh thu ước tính
UpdateTime:Wed Sep 16 2020 10:31:08 GMT+0700 (+07)
insert xong doanh thu ước tính
UpdateTime:Wed Sep 16 2020 10:31:09 GMT+0700 (+07)
insert xong doanh thu ước tính
UpdateTime:Wed Sep 16 2020 10:31:10 GMT+0700 (+07)
insert xong doanh thu ước tính
UpdateTime:Wed Sep 16 2020 10:31:10 GMT+0700 (+07)
insert xong doanh thu ước tính
UpdateTime:Wed Sep 16 2020 10:31:12 GMT+0700 (+07)
insert xong doanh thu ước tính
UpdateTime:Wed Sep 16 2020 10:31:12 GMT+0700 (+07)
insert xong doanh thu ước tính
UpdateTime:Wed Sep 16 2020 10:31:13 GMT+0700 (+07)
insert xong doanh thu ước tính
UpdateTime:Wed Sep 16 2020 10:31:14 GMT+0700 (+07)
insert xong doanh thu ước tính
UpdateTime:Wed Sep 16 2020 10:31:15 GMT+0700 (+07)
insert xong doanh thu ước tính
UpdateTime:Wed Sep 16 2020 10:31:16 GMT+0700 (+07)
insert xong doanh thu ước tính
UpdateTime:Wed Sep 16 2020 10:31:16 GMT+0700 (+07)
insert xong doanh thu ước tính
UpdateTime:Wed Sep 16 2020 10:31:17 GMT+0700 (+07)
insert xong doanh thu ước tính
UpdateTime:Wed Sep 16 2020 10:31:18 GMT+0700 (+07)
insert xong doanh thu ước tính
UpdateTime:Wed Sep 16 2020 10:31:19 GMT+0700 (+07)
insert xong doanh thu ước tính
UpdateTime:Wed Sep 16 2020 10:31:20 GMT+0700 (+07)
insert xong doanh thu ước tính
UpdateTime:Wed Sep 16 2020 10:31:20 GMT+0700 (+07)
insert xong doanh thu ước tính
UpdateTime:Wed Sep 16 2020 10:31:21 GMT+0700 (+07)
insert xong doanh thu ước tính
UpdateTime:Wed Sep 16 2020 10:31:22 GMT+0700 (+07)
insert xong doanh thu ước tính
UpdateTime:Wed Sep 16 2020 10:31:23 GMT+0700 (+07)
insert xong doanh thu ước tính
UpdateTime:Wed Sep 16 2020 10:31:24 GMT+0700 (+07)
insert xong doanh thu ước tính
UpdateTime:Wed Sep 16 2020 10:31:25 GMT+0700 (+07)
insert xong doanh thu ước tính
UpdateTime:Wed Sep 16 2020 10:31:25 GMT+0700 (+07)
insert xong doanh thu ước tính
UpdateTime:Wed Sep 16 2020 10:31:26 GMT+0700 (+07)
insert xong doanh thu ước tính
UpdateTime:Wed Sep 16 2020 10:31:27 GMT+0700 (+07)
insert xong doanh thu ước tính
UpdateTime:Wed Sep 16 2020 10:31:28 GMT+0700 (+07)
insert xong doanh thu ước tính
UpdateTime:Wed Sep 16 2020 10:31:29 GMT+0700 (+07)
insert xong doanh thu ước tính
UpdateTime:Wed Sep 16 2020 10:31:29 GMT+0700 (+07)
insert xong doanh thu ước tính
UpdateTime:Wed Sep 16 2020 10:31:30 GMT+0700 (+07)
insert xong doanh thu ước tính
UpdateTime:Wed Sep 16 2020 10:31:31 GMT+0700 (+07)
insert xong doanh thu ước tính
UpdateTime:Wed Sep 16 2020 10:31:32 GMT+0700 (+07)
insert xong doanh thu ước tính
UpdateTime:Wed Sep 16 2020 10:31:33 GMT+0700 (+07)
insert xong doanh thu ước tính
UpdateTime:Wed Sep 16 2020 10:31:34 GMT+0700 (+07)
insert xong doanh thu ước tính
UpdateTime:Wed Sep 16 2020 10:31:35 GMT+0700 (+07)
insert xong doanh thu ước tính
UpdateTime:Wed Sep 16 2020 10:31:36 GMT+0700 (+07)
insert xong doanh thu ước tính
UpdateTime:Wed Sep 16 2020 10:31:37 GMT+0700 (+07)
insert xong doanh thu ước tính
UpdateTime:Wed Sep 16 2020 10:31:37 GMT+0700 (+07)
insert xong doanh thu ước tính
UpdateTime:Wed Sep 16 2020 10:31:38 GMT+0700 (+07)
insert xong doanh thu ước tính
UpdateTime:Wed Sep 16 2020 10:31:39 GMT+0700 (+07)
insert xong doanh thu ước tính
UpdateTime:Wed Sep 16 2020 10:31:40 GMT+0700 (+07)
insert xong doanh thu ước tính
UpdateTime:Wed Sep 16 2020 10:31:41 GMT+0700 (+07)
insert xong doanh thu ước tính
UpdateTime:Wed Sep 16 2020 10:31:42 GMT+0700 (+07)
insert xong doanh thu ước tính
UpdateTime:Wed Sep 16 2020 10:31:43 GMT+0700 (+07)
insert xong doanh thu ước tính
UpdateTime:Wed Sep 16 2020 10:31:44 GMT+0700 (+07)
insert xong doanh thu ước tính
UpdateTime:Wed Sep 16 2020 10:31:45 GMT+0700 (+07)
insert xong doanh thu ước tính
UpdateTime:Wed Sep 16 2020 10:31:45 GMT+0700 (+07)
insert xong doanh thu ước tính
UpdateTime:Wed Sep 16 2020 10:31:46 GMT+0700 (+07)
insert xong doanh thu ước tính
UpdateTime:Wed Sep 16 2020 10:31:46 GMT+0700 (+07)
insert xong doanh thu ước tính
UpdateTime:Wed Sep 16 2020 10:31:48 GMT+0700 (+07)
insert xong doanh thu ước tính
UpdateTime:Wed Sep 16 2020 10:31:48 GMT+0700 (+07)
insert xong doanh thu ước tính
UpdateTime:Wed Sep 16 2020 10:31:49 GMT+0700 (+07)
insert xong doanh thu ước tính
UpdateTime:Wed Sep 16 2020 10:31:50 GMT+0700 (+07)
insert xong doanh thu ước tính
UpdateTime:Wed Sep 16 2020 10:31:51 GMT+0700 (+07)
insert xong doanh thu ước tính
UpdateTime:Wed Sep 16 2020 10:31:51 GMT+0700 (+07)
insert xong doanh thu ước tính
UpdateTime:Wed Sep 16 2020 10:31:52 GMT+0700 (+07)
insert xong doanh thu ước tính
UpdateTime:Wed Sep 16 2020 10:31:52 GMT+0700 (+07)
insert xong doanh thu ước tính
UpdateTime:Wed Sep 16 2020 10:31:53 GMT+0700 (+07)
insert xong doanh thu ước tính
UpdateTime:Wed Sep 16 2020 10:31:54 GMT+0700 (+07)
insert xong doanh thu ước tính
UpdateTime:Wed Sep 16 2020 10:31:54 GMT+0700 (+07)
insert xong doanh thu ước tính
UpdateTime:Wed Sep 16 2020 10:31:55 GMT+0700 (+07)
insert xong doanh thu ước tính
UpdateTime:Wed Sep 16 2020 10:31:56 GMT+0700 (+07)
insert xong doanh thu ước tính
UpdateTime:Wed Sep 16 2020 10:31:58 GMT+0700 (+07)
insert xong doanh thu ước tính
UpdateTime:Wed Sep 16 2020 10:31:59 GMT+0700 (+07)
insert xong doanh thu ước tính
UpdateTime:Wed Sep 16 2020 10:32:00 GMT+0700 (+07)
insert xong doanh thu ước tính
UpdateTime:Wed Sep 16 2020 10:32:00 GMT+0700 (+07)
insert xong doanh thu ước tính
UpdateTime:Wed Sep 16 2020 10:32:01 GMT+0700 (+07)
insert xong doanh thu ước tính
UpdateTime:Wed Sep 16 2020 10:32:02 GMT+0700 (+07)
insert xong doanh thu ước tính
UpdateTime:Wed Sep 16 2020 10:32:03 GMT+0700 (+07)
insert xong doanh thu ước tính
UpdateTime:Wed Sep 16 2020 10:32:04 GMT+0700 (+07)
insert xong doanh thu ước tính
UpdateTime:Wed Sep 16 2020 10:32:05 GMT+0700 (+07)
insert xong doanh thu ước tính
UpdateTime:Wed Sep 16 2020 10:32:06 GMT+0700 (+07)
Connect success
insert xong sản lượng ước tính
UpdateTime:Wed Sep 16 2020 10:45:24 GMT+0700 (+07)
insert xong doanh thu ước tính
UpdateTime:Wed Sep 16 2020 10:45:25 GMT+0700 (+07)
insert xong doanh thu ước tính
UpdateTime:Wed Sep 16 2020 10:45:26 GMT+0700 (+07)
insert xong doanh thu ước tính
UpdateTime:Wed Sep 16 2020 10:45:27 GMT+0700 (+07)
insert xong doanh thu ước tính
UpdateTime:Wed Sep 16 2020 10:45:28 GMT+0700 (+07)
insert xong doanh thu ước tính
UpdateTime:Wed Sep 16 2020 10:45:29 GMT+0700 (+07)
insert xong doanh thu ước tính
UpdateTime:Wed Sep 16 2020 10:45:29 GMT+0700 (+07)
insert xong doanh thu ước tính
UpdateTime:Wed Sep 16 2020 10:45:30 GMT+0700 (+07)
insert xong doanh thu ước tính
UpdateTime:Wed Sep 16 2020 10:45:31 GMT+0700 (+07)
insert xong doanh thu ước tính
UpdateTime:Wed Sep 16 2020 10:45:32 GMT+0700 (+07)
insert xong doanh thu ước tính
UpdateTime:Wed Sep 16 2020 10:45:33 GMT+0700 (+07)
insert xong doanh thu ước tính
UpdateTime:Wed Sep 16 2020 10:45:34 GMT+0700 (+07)
insert xong doanh thu ước tính
UpdateTime:Wed Sep 16 2020 10:45:35 GMT+0700 (+07)
insert xong doanh thu ước tính
UpdateTime:Wed Sep 16 2020 10:45:36 GMT+0700 (+07)
insert xong doanh thu ước tính
UpdateTime:Wed Sep 16 2020 10:45:37 GMT+0700 (+07)
insert xong doanh thu ước tính
UpdateTime:Wed Sep 16 2020 10:45:38 GMT+0700 (+07)
insert xong doanh thu ước tính
UpdateTime:Wed Sep 16 2020 10:45:39 GMT+0700 (+07)
insert xong doanh thu ước tính
UpdateTime:Wed Sep 16 2020 10:45:40 GMT+0700 (+07)
insert xong doanh thu ước tính
UpdateTime:Wed Sep 16 2020 10:45:41 GMT+0700 (+07)
insert xong doanh thu ước tính
UpdateTime:Wed Sep 16 2020 10:45:42 GMT+0700 (+07)
insert xong doanh thu ước tính
UpdateTime:Wed Sep 16 2020 10:45:43 GMT+0700 (+07)
insert xong doanh thu ước tính
UpdateTime:Wed Sep 16 2020 10:45:44 GMT+0700 (+07)
insert xong doanh thu ước tính
UpdateTime:Wed Sep 16 2020 10:45:44 GMT+0700 (+07)
insert xong doanh thu ước tính
UpdateTime:Wed Sep 16 2020 10:45:45 GMT+0700 (+07)
insert xong doanh thu ước tính
UpdateTime:Wed Sep 16 2020 10:45:46 GMT+0700 (+07)
insert xong doanh thu ước tính
UpdateTime:Wed Sep 16 2020 10:45:46 GMT+0700 (+07)
insert xong doanh thu ước tính
UpdateTime:Wed Sep 16 2020 10:45:47 GMT+0700 (+07)
insert xong doanh thu ước tính
UpdateTime:Wed Sep 16 2020 10:45:48 GMT+0700 (+07)
insert xong doanh thu ước tính
UpdateTime:Wed Sep 16 2020 10:45:49 GMT+0700 (+07)
insert xong doanh thu ước tính
UpdateTime:Wed Sep 16 2020 10:45:50 GMT+0700 (+07)
insert xong doanh thu ước tính
UpdateTime:Wed Sep 16 2020 10:45:51 GMT+0700 (+07)
insert xong doanh thu ước tính
UpdateTime:Wed Sep 16 2020 10:45:51 GMT+0700 (+07)
insert xong doanh thu ước tính
UpdateTime:Wed Sep 16 2020 10:45:53 GMT+0700 (+07)
insert xong doanh thu ước tính
UpdateTime:Wed Sep 16 2020 10:45:53 GMT+0700 (+07)
insert xong doanh thu ước tính
UpdateTime:Wed Sep 16 2020 10:45:54 GMT+0700 (+07)
insert xong doanh thu ước tính
UpdateTime:Wed Sep 16 2020 10:45:55 GMT+0700 (+07)
insert xong doanh thu ước tính
UpdateTime:Wed Sep 16 2020 10:45:55 GMT+0700 (+07)
insert xong doanh thu ước tính
UpdateTime:Wed Sep 16 2020 10:45:56 GMT+0700 (+07)
insert xong doanh thu ước tính
UpdateTime:Wed Sep 16 2020 10:45:57 GMT+0700 (+07)
insert xong doanh thu ước tính
UpdateTime:Wed Sep 16 2020 10:45:58 GMT+0700 (+07)
insert xong doanh thu ước tính
UpdateTime:Wed Sep 16 2020 10:45:59 GMT+0700 (+07)
insert xong doanh thu ước tính
UpdateTime:Wed Sep 16 2020 10:46:00 GMT+0700 (+07)
insert xong doanh thu ước tính
UpdateTime:Wed Sep 16 2020 10:46:01 GMT+0700 (+07)
insert xong doanh thu ước tính
UpdateTime:Wed Sep 16 2020 10:46:02 GMT+0700 (+07)
insert xong doanh thu ước tính
UpdateTime:Wed Sep 16 2020 10:46:03 GMT+0700 (+07)
insert xong doanh thu ước tính
UpdateTime:Wed Sep 16 2020 10:46:04 GMT+0700 (+07)
insert xong doanh thu ước tính
UpdateTime:Wed Sep 16 2020 10:46:05 GMT+0700 (+07)
insert xong doanh thu ước tính
UpdateTime:Wed Sep 16 2020 10:46:06 GMT+0700 (+07)
insert xong doanh thu ước tính
UpdateTime:Wed Sep 16 2020 10:46:07 GMT+0700 (+07)
insert xong doanh thu ước tính
UpdateTime:Wed Sep 16 2020 10:46:08 GMT+0700 (+07)
insert xong doanh thu ước tính
UpdateTime:Wed Sep 16 2020 10:46:09 GMT+0700 (+07)
insert xong doanh thu ước tính
UpdateTime:Wed Sep 16 2020 10:46:10 GMT+0700 (+07)
insert xong doanh thu ước tính
UpdateTime:Wed Sep 16 2020 10:46:11 GMT+0700 (+07)
insert xong doanh thu ước tính
UpdateTime:Wed Sep 16 2020 10:46:12 GMT+0700 (+07)
insert xong doanh thu ước tính
UpdateTime:Wed Sep 16 2020 10:46:13 GMT+0700 (+07)
insert xong doanh thu ước tính
UpdateTime:Wed Sep 16 2020 10:46:14 GMT+0700 (+07)
insert xong doanh thu ước tính
UpdateTime:Wed Sep 16 2020 10:46:15 GMT+0700 (+07)
insert xong doanh thu ước tính
UpdateTime:Wed Sep 16 2020 10:46:16 GMT+0700 (+07)
insert xong doanh thu ước tính
UpdateTime:Wed Sep 16 2020 10:46:17 GMT+0700 (+07)
insert xong doanh thu ước tính
UpdateTime:Wed Sep 16 2020 10:46:18 GMT+0700 (+07)
insert xong doanh thu ước tính
UpdateTime:Wed Sep 16 2020 10:46:18 GMT+0700 (+07)
insert xong doanh thu ước tính
UpdateTime:Wed Sep 16 2020 10:46:19 GMT+0700 (+07)
insert xong doanh thu ước tính
UpdateTime:Wed Sep 16 2020 10:46:20 GMT+0700 (+07)
insert xong doanh thu ước tính
UpdateTime:Wed Sep 16 2020 10:46:21 GMT+0700 (+07)
insert xong doanh thu ước tính
UpdateTime:Wed Sep 16 2020 10:46:22 GMT+0700 (+07)
insert xong doanh thu ước tính
UpdateTime:Wed Sep 16 2020 10:46:23 GMT+0700 (+07)
insert xong doanh thu ước tính
UpdateTime:Wed Sep 16 2020 10:46:23 GMT+0700 (+07)
insert xong doanh thu ước tính
UpdateTime:Wed Sep 16 2020 10:46:24 GMT+0700 (+07)
insert xong doanh thu ước tính
UpdateTime:Wed Sep 16 2020 10:46:25 GMT+0700 (+07)
insert xong doanh thu ước tính
UpdateTime:Wed Sep 16 2020 10:46:26 GMT+0700 (+07)
insert xong doanh thu ước tính
UpdateTime:Wed Sep 16 2020 10:46:27 GMT+0700 (+07)
insert xong doanh thu ước tính
UpdateTime:Wed Sep 16 2020 10:46:28 GMT+0700 (+07)
insert xong doanh thu ước tính
UpdateTime:Wed Sep 16 2020 10:46:29 GMT+0700 (+07)
insert xong doanh thu ước tính
UpdateTime:Wed Sep 16 2020 10:46:30 GMT+0700 (+07)
insert xong doanh thu ước tính
UpdateTime:Wed Sep 16 2020 10:46:30 GMT+0700 (+07)
insert xong doanh thu ước tính
UpdateTime:Wed Sep 16 2020 10:46:31 GMT+0700 (+07)
insert xong doanh thu ước tính
UpdateTime:Wed Sep 16 2020 10:46:32 GMT+0700 (+07)
insert xong doanh thu ước tính
UpdateTime:Wed Sep 16 2020 10:46:33 GMT+0700 (+07)
insert xong doanh thu ước tính
UpdateTime:Wed Sep 16 2020 10:46:34 GMT+0700 (+07)
insert xong doanh thu ước tính
UpdateTime:Wed Sep 16 2020 10:46:35 GMT+0700 (+07)
insert xong doanh thu ước tính
UpdateTime:Wed Sep 16 2020 10:46:35 GMT+0700 (+07)
insert xong doanh thu ước tính
UpdateTime:Wed Sep 16 2020 10:46:37 GMT+0700 (+07)
insert xong doanh thu ước tính
UpdateTime:Wed Sep 16 2020 10:46:38 GMT+0700 (+07)
insert xong doanh thu ước tính
UpdateTime:Wed Sep 16 2020 10:46:39 GMT+0700 (+07)
insert xong doanh thu ước tính
UpdateTime:Wed Sep 16 2020 10:46:40 GMT+0700 (+07)
insert xong doanh thu ước tính
UpdateTime:Wed Sep 16 2020 10:46:41 GMT+0700 (+07)
insert xong doanh thu ước tính
UpdateTime:Wed Sep 16 2020 10:46:42 GMT+0700 (+07)
insert xong doanh thu ước tính
UpdateTime:Wed Sep 16 2020 10:46:43 GMT+0700 (+07)
insert xong doanh thu ước tính
UpdateTime:Wed Sep 16 2020 10:46:43 GMT+0700 (+07)
insert xong doanh thu ước tính
UpdateTime:Wed Sep 16 2020 10:46:45 GMT+0700 (+07)
insert xong doanh thu ước tính
UpdateTime:Wed Sep 16 2020 10:46:46 GMT+0700 (+07)
insert xong doanh thu ước tính
UpdateTime:Wed Sep 16 2020 10:46:47 GMT+0700 (+07)
insert xong doanh thu ước tính
UpdateTime:Wed Sep 16 2020 10:46:48 GMT+0700 (+07)
insert xong doanh thu ước tính
UpdateTime:Wed Sep 16 2020 10:46:49 GMT+0700 (+07)
insert xong doanh thu ước tính
UpdateTime:Wed Sep 16 2020 10:46:50 GMT+0700 (+07)
insert xong doanh thu ước tính
UpdateTime:Wed Sep 16 2020 10:46:51 GMT+0700 (+07)
insert xong doanh thu ước tính
UpdateTime:Wed Sep 16 2020 10:46:52 GMT+0700 (+07)
insert xong doanh thu ước tính
UpdateTime:Wed Sep 16 2020 10:46:52 GMT+0700 (+07)
insert xong doanh thu ước tính
UpdateTime:Wed Sep 16 2020 10:46:53 GMT+0700 (+07)
insert xong doanh thu ước tính
UpdateTime:Wed Sep 16 2020 10:46:54 GMT+0700 (+07)
insert xong doanh thu ước tính
UpdateTime:Wed Sep 16 2020 10:46:54 GMT+0700 (+07)
insert xong doanh thu ước tính
UpdateTime:Wed Sep 16 2020 10:46:55 GMT+0700 (+07)
insert xong doanh thu ước tính
UpdateTime:Wed Sep 16 2020 10:46:56 GMT+0700 (+07)
insert xong doanh thu ước tính
UpdateTime:Wed Sep 16 2020 10:46:57 GMT+0700 (+07)
insert xong doanh thu ước tính
UpdateTime:Wed Sep 16 2020 10:46:57 GMT+0700 (+07)
insert xong doanh thu ước tính
UpdateTime:Wed Sep 16 2020 10:46:58 GMT+0700 (+07)
insert xong doanh thu ước tính
UpdateTime:Wed Sep 16 2020 10:46:59 GMT+0700 (+07)
insert xong doanh thu ước tính
UpdateTime:Wed Sep 16 2020 10:46:59 GMT+0700 (+07)
insert xong doanh thu ước tính
UpdateTime:Wed Sep 16 2020 10:47:00 GMT+0700 (+07)
insert xong doanh thu ước tính
UpdateTime:Wed Sep 16 2020 10:47:01 GMT+0700 (+07)
insert xong doanh thu ước tính
UpdateTime:Wed Sep 16 2020 10:47:02 GMT+0700 (+07)
insert xong doanh thu ước tính
UpdateTime:Wed Sep 16 2020 10:47:03 GMT+0700 (+07)
insert xong doanh thu ước tính
UpdateTime:Wed Sep 16 2020 10:47:04 GMT+0700 (+07)
insert xong doanh thu ước tính
UpdateTime:Wed Sep 16 2020 10:47:05 GMT+0700 (+07)
insert xong doanh thu ước tính
UpdateTime:Wed Sep 16 2020 10:47:06 GMT+0700 (+07)
insert xong doanh thu ước tính
UpdateTime:Wed Sep 16 2020 10:47:07 GMT+0700 (+07)
insert xong doanh thu ước tính
UpdateTime:Wed Sep 16 2020 10:47:08 GMT+0700 (+07)
insert xong doanh thu ước tính
UpdateTime:Wed Sep 16 2020 10:47:09 GMT+0700 (+07)
insert xong doanh thu ước tính
UpdateTime:Wed Sep 16 2020 10:47:10 GMT+0700 (+07)
insert xong doanh thu ước tính
UpdateTime:Wed Sep 16 2020 10:47:10 GMT+0700 (+07)
insert xong doanh thu ước tính
UpdateTime:Wed Sep 16 2020 10:47:11 GMT+0700 (+07)
Connect success
insert xong sản lượng ước tính
UpdateTime:Wed Sep 16 2020 11:00:28 GMT+0700 (+07)
insert xong doanh thu ước tính
UpdateTime:Wed Sep 16 2020 11:02:52 GMT+0700 (+07)
Connect success
insert xong sản lượng ước tính
UpdateTime:Wed Sep 16 2020 11:15:25 GMT+0700 (+07)
insert xong doanh thu ước tính
UpdateTime:Wed Sep 16 2020 11:17:04 GMT+0700 (+07)
Connect success
insert xong sản lượng ước tính
UpdateTime:Wed Sep 16 2020 11:30:27 GMT+0700 (+07)
insert xong doanh thu ước tính
UpdateTime:Wed Sep 16 2020 11:32:22 GMT+0700 (+07)
Connect success
insert xong sản lượng ước tính
UpdateTime:Wed Sep 16 2020 11:45:25 GMT+0700 (+07)
insert xong doanh thu ước tính
UpdateTime:Wed Sep 16 2020 11:47:22 GMT+0700 (+07)
Connect success
insert xong sản lượng ước tính
UpdateTime:Wed Sep 16 2020 12:00:28 GMT+0700 (+07)
insert xong doanh thu ước tính
UpdateTime:Wed Sep 16 2020 12:02:55 GMT+0700 (+07)
Connect success
insert xong sản lượng ước tính
UpdateTime:Wed Sep 16 2020 12:15:28 GMT+0700 (+07)
insert xong doanh thu ước tính
UpdateTime:Wed Sep 16 2020 12:17:42 GMT+0700 (+07)
Connect success
insert xong sản lượng ước tính
UpdateTime:Wed Sep 16 2020 12:30:28 GMT+0700 (+07)
insert xong doanh thu ước tính
UpdateTime:Wed Sep 16 2020 12:32:57 GMT+0700 (+07)
Connect success
insert xong sản lượng ước tính
UpdateTime:Wed Sep 16 2020 12:45:29 GMT+0700 (+07)
insert xong doanh thu ước tính
UpdateTime:Wed Sep 16 2020 12:47:58 GMT+0700 (+07)
Connect success

<--- Last few GCs --->

[4035:0x3a50710]  1268070 ms: Scavenge 31.6 (37.3) -> 30.6 (37.3) MB, 1.1 / 0.0 ms  allocation failure 
[4035:0x3a50710]  1414007 ms: Scavenge 31.6 (37.3) -> 30.6 (37.3) MB, 0.9 / 0.0 ms  allocation failure 
[4035:0x3a50710]  1559068 ms: Scavenge 31.6 (37.3) -> 30.6 (37.3) MB, 0.9 / 0.0 ms  allocation failure 
[4035:0x3a50710]  1704851 ms: Scavenge 31.6 (37.3) -> 30.6 (37.3) MB, 1.0 / 0.0 ms  allocation failure 


<--- JS stacktrace --->

==== JS stack trace =========================================

Security context: 0x1feb14d25891 <JSObject>
    1: split(this=0x3d1ceb83a061 <String[26]: 1,2,3,4,5,6,7,8,9,10,11,12>)
    2: mustRun(aka mustRun) [/root/AppWeb/autolike.dailyToday/node_modules/node-cron/src/task.js:~17] [pc=0x130b21ca3017](this=0x57df74822d1 <undefined>,task=0x3f9dc56d4cb1 <Task map = 0x4b19eed48f9>,date=0xe5d541ff561 <Date map = 0x2494d0f03dd9>)
    3: update [/root/AppWeb/autolike.dailyToday/node_modules/node-cron/src/...


<--- Last few GCs --->

[2822:0x3ad7710]  4885120 ms: Scavenge 31.8 (38.3) -> 30.8 (38.3) MB, 0.9 / 0.0 ms  allocation failure 
[2822:0x3ad7710]  5035121 ms: Scavenge 31.8 (38.3) -> 30.8 (38.3) MB, 0.8 / 0.0 ms  allocation failure 
[2822:0x3ad7710]  5184268 ms: Scavenge 31.8 (38.3) -> 30.8 (38.3) MB, 0.9 / 0.0 ms  allocation failure 
[2822:0x3ad7710]  5333121 ms: Scavenge 31.8 (38.3) -> 30.8 (38.3) MB, 0.8 / 0.0 ms  allocation failure 


<--- JS stacktrace --->

==== JS stack trace =========================================

Security context: 0x13ee22425891 <JSObject>
    1: split(this=0x3a883cb90721 <String[16]: 0,10,20,30,40,50>)
    2: mustRun(aka mustRun) [/root/AppWeb/autolike.dailyToday/node_modules/node-cron/src/task.js:~17] [pc=0x8b5f7bf0f3e](this=0x159f836822d1 <undefined>,task=0x10a33196a841 <Task map = 0x1fb3c3e5f6e9>,date=0x20392b57fca1 <Date map = 0x35f6e1783dd9>)
    3: update [/root/AppWeb/autolike.dailyToday/node_modules/node-cron/src/task.js:...


<--- Last few GCs --->

[4245:0x2d07710]   553066 ms: Scavenge 31.5 (37.8) -> 30.5 (37.8) MB, 0.8 / 0.0 ms  allocation failure 
[4245:0x2d07710]   695067 ms: Scavenge 31.5 (37.8) -> 30.5 (37.8) MB, 1.0 / 0.0 ms  allocation failure 
[4245:0x2d07710]   841066 ms: Scavenge 31.5 (37.8) -> 30.5 (37.8) MB, 1.1 / 0.0 ms  allocation failure 


<--- JS stacktrace --->

==== JS stack trace =========================================

Security context: 0x6e59aba5891 <JSObject>
    1: split(this=0x3ca11d97dd71 <String[83]: 1,2,3,4,5,6,7,8,9,10,11,12,13,14,15,16,17,18,19,20,21,22,23,24,25,26,27,28,29,30,31>)
    2: mustRun(aka mustRun) [/root/AppWeb/autolike.dailyToday/node_modules/node-cron/src/task.js:~17] [pc=0x38c5eaa21a10](this=0x246fef822d1 <undefined>,task=0x3ca11d9753c1 <Task map = 0x2e47ffa879a9>,date=0x2cce6aeff9f9 <Date map = 0xc1a403dd9>)
    3: update [/root...


<--- Last few GCs --->

[3110:0x29ea710]  4014116 ms: Scavenge 31.6 (37.8) -> 30.7 (37.8) MB, 1.4 / 0.0 ms  allocation failure 
[3110:0x29ea710]  4160117 ms: Scavenge 31.7 (37.8) -> 30.7 (37.8) MB, 0.7 / 0.0 ms  allocation failure 
[3110:0x29ea710]  4306118 ms: Scavenge 31.7 (37.8) -> 30.7 (37.8) MB, 0.7 / 0.0 ms  allocation failure 
[3110:0x29ea710]  4454117 ms: Scavenge 31.7 (37.8) -> 30.7 (37.8) MB, 1.2 / 0.0 ms  allocation failure 


<--- JS stacktrace --->

==== JS stack trace =========================================

Security context: 0x3c192da5891 <JSObject>
    1: split(this=0x1ba2f2475531 <String[83]: 1,2,3,4,5,6,7,8,9,10,11,12,13,14,15,16,17,18,19,20,21,22,23,24,25,26,27,28,29,30,31>)
    2: mustRun(aka mustRun) [/root/AppWeb/autolike.dailyToday/node_modules/node-cron/src/task.js:~17] [pc=0x3dfde67e6590](this=0x17527e4822d1 <undefined>,task=0x1ba2f24642b1 <Task map = 0x37c63bbca61>,date=0x33776f97f791 <Date map = 0x3f2249903dd9>)
    3: update [/r...

insert xong sản lượng ước tính
UpdateTime:Wed Sep 16 2020 13:02:35 GMT+0700 (+07)
insert xong doanh thu ước tính
UpdateTime:Wed Sep 16 2020 13:04:11 GMT+0700 (+07)
Connect success
insert xong sản lượng ước tính
UpdateTime:Wed Sep 16 2020 13:15:29 GMT+0700 (+07)
insert xong doanh thu ước tính
UpdateTime:Wed Sep 16 2020 13:17:00 GMT+0700 (+07)
Connect success
insert xong sản lượng ước tính
UpdateTime:Wed Sep 16 2020 13:30:30 GMT+0700 (+07)
insert xong doanh thu ước tính
UpdateTime:Wed Sep 16 2020 13:32:59 GMT+0700 (+07)
Connect success

<--- Last few GCs --->

[2062:0x24d0710] 10250287 ms: Scavenge 32.0 (38.3) -> 31.0 (38.3) MB, 1.0 / 0.0 ms  allocation failure 
[2062:0x24d0710] 10399289 ms: Scavenge 32.0 (38.3) -> 31.0 (38.3) MB, 1.5 / 0.0 ms  allocation failure 
[2062:0x24d0710] 10547288 ms: Scavenge 32.0 (38.3) -> 31.0 (38.3) MB, 1.5 / 0.0 ms  allocation failure 
[2062:0x24d0710] 10697289 ms: Scavenge 32.0 (38.3) -> 31.0 (38.3) MB, 2.0 / 1.0 ms  allocation failure 


<--- JS stacktrace --->

==== JS stack trace =========================================

Security context: 0x83b54d25891 <JSObject>
    1: split(this=0x1e4333b78cf1 <String[13]: 0,1,2,3,4,5,6>)
    2: mustRun(aka mustRun) [/root/AppWeb/autolike.dailyToday/node_modules/node-cron/src/task.js:~17] [pc=0x2a41b60e369d](this=0x7ce383822d1 <undefined>,task=0x1e4333b74289 <Task map = 0x5a31ea79209>,date=0xef69767f4a1 <Date map = 0x21331ac03dd9>)
    3: update [/root/AppWeb/autolike.dailyToday/node_modules/node-cron/src/task.js:49] [b...

Connect success
Connect success

<--- Last few GCs --->

[5071:0x3dfd710]  2164757 ms: Scavenge 31.7 (38.3) -> 30.7 (38.3) MB, 1.3 / 0.0 ms  allocation failure 
[5071:0x3dfd710]  2309773 ms: Scavenge 31.7 (38.3) -> 30.7 (38.3) MB, 1.4 / 0.0 ms  allocation failure 
[5071:0x3dfd710]  2452756 ms: Scavenge 31.7 (38.3) -> 30.7 (38.3) MB, 2.1 / 0.0 ms  allocation failure 
[5071:0x3dfd710]  2598756 ms: Scavenge 31.7 (38.3) -> 30.7 (38.3) MB, 1.5 / 0.0 ms  allocation failure 


<--- JS stacktrace --->

==== JS stack trace =========================================

Security context: 0x24027ca25891 <JSObject>
    1: deserializeObject(aka deserializeObject) [/root/AppWeb/autolike.dailyToday/node_modules/bson/lib/bson/parser/deserializer.js:~43] [pc=0x1ede5a831c71](this=0x31caa47022d1 <undefined>,buffer=0x37f0a0f7fbe1 <Uint8Array map = 0x23b6805bbe01>,index=0,options=0x37f0a0f7fba1 <Object map = 0x2a8bff30f1f9>,isArray=0x31caa47022d1 <undefined>)
    2: deserialize(aka deserialize) [/root/AppWeb/autoli...

Connect success
insert xong sản lượng ước tính
UpdateTime:Wed Sep 16 2020 14:32:22 GMT+0700 (+07)

<--- Last few GCs --->

[2586:0x2c05710] 11286144 ms: Scavenge 32.1 (38.3) -> 31.2 (38.3) MB, 1.1 / 0.0 ms  allocation failure 
[2586:0x2c05710] 11433144 ms: Scavenge 32.1 (38.3) -> 31.2 (38.3) MB, 1.1 / 0.0 ms  allocation failure 
[2586:0x2c05710] 11582143 ms: Scavenge 32.1 (38.3) -> 31.2 (38.3) MB, 1.5 / 0.0 ms  allocation failure 
[2586:0x2c05710] 11728147 ms: Scavenge 32.2 (38.3) -> 31.2 (38.3) MB, 4.9 / 0.0 ms  allocation failure 


<--- JS stacktrace --->

==== JS stack trace =========================================

Security context: 0x380e88e25891 <JSObject>
    4: messageHandler [/root/AppWeb/autolike.dailyToday/node_modules/mongodb/lib/cmap/connection.js:277] [bytecode=0x3922ef7ff871 offset=513](this=0x3fdd33987eb1 <Duplex map = 0xd5eaeeefd89>,message=0x7e4ba9ff701 <BinMsg map = 0xc482b309dc1>)
    5: emitOne(aka emitOne) [events.js:116] [bytecode=0x25ed1d32a7a9 offset=11](this=0x209da8c022d1 <undefined>,handler=0x3fdd33989ae9 <JSFunction messageH...

insert xong doanh thu ước tính
UpdateTime:Wed Sep 16 2020 14:35:43 GMT+0700 (+07)
Connect success
insert xong sản lượng ước tính
UpdateTime:Wed Sep 16 2020 14:45:57 GMT+0700 (+07)
insert xong doanh thu ước tính
UpdateTime:Wed Sep 16 2020 14:48:20 GMT+0700 (+07)
Connect success

<--- Last few GCs --->

[6076:0x32a3710]  1265700 ms: Scavenge 31.5 (38.3) -> 30.5 (38.3) MB, 1.0 / 0.0 ms  allocation failure 
[6076:0x32a3710]  1407059 ms: Scavenge 31.5 (38.3) -> 30.5 (38.3) MB, 1.2 / 0.0 ms  allocation failure 
[6076:0x32a3710]  1552058 ms: Scavenge 31.5 (38.3) -> 30.6 (38.3) MB, 3.1 / 0.0 ms  allocation failure 
[6076:0x32a3710]  1695811 ms: Scavenge 31.5 (38.3) -> 30.6 (38.3) MB, 0.9 / 0.0 ms  allocation failure 


<--- JS stacktrace --->

==== JS stack trace =========================================

Security context: 0x1016a46a5891 <JSObject>
    1: split(this=0x2605e25fc9b1 <String[16]: 0,10,20,30,40,50>)
    2: mustRun(aka mustRun) [/root/AppWeb/autolike.dailyToday/node_modules/node-cron/src/task.js:~17] [pc=0xf73056a6d9e](this=0x1e3474b822d1 <undefined>,task=0x2605e25f6e21 <Task map = 0x168992c15919>,date=0x1d043407fd91 <Date map = 0x2c12b7503dd9>)
    3: update [/root/AppWeb/autolike.dailyToday/node_modules/node-cron/src/task.js:...


<--- Last few GCs --->

[4489:0x3a31710]  6687948 ms: Scavenge 32.3 (38.4) -> 31.3 (38.4) MB, 1.8 / 0.0 ms  allocation failure 
[4489:0x3a31710]  6835946 ms: Scavenge 32.3 (38.4) -> 31.3 (38.4) MB, 0.6 / 0.0 ms  allocation failure 
[4489:0x3a31710]  6982949 ms: Scavenge 32.3 (38.4) -> 31.4 (38.4) MB, 1.1 / 0.0 ms  allocation failure 
[4489:0x3a31710]  7131947 ms: Scavenge 32.3 (38.4) -> 31.4 (38.4) MB, 1.0 / 0.0 ms  allocation failure 


<--- JS stacktrace --->

==== JS stack trace =========================================

Security context: 0x1dcdaf125891 <JSObject>
    1: stringSlice(aka stringSlice) [buffer.js:~555] [pc=0x37852ca8c60](this=0x29689b3822d1 <undefined>,buf=0x3286ad17fc19 <Uint8Array map = 0x4270d7bbe01>,encoding=0x1dcdaf134e19 <String[4]: utf8>,start=126,end=143)
    2: deserializeObject(aka deserializeObject) [/root/AppWeb/autolike.dailyToday/node_modules/bson/lib/bson/parser/deserializer.js:~43] [pc=0x37852ce3ea3](this=0x29689b3822d1 <unde...

Connect success
insert xong sản lượng ước tính
UpdateTime:Wed Sep 16 2020 15:15:45 GMT+0700 (+07)
insert xong doanh thu ước tính
UpdateTime:Wed Sep 16 2020 15:19:23 GMT+0700 (+07)
Connect success
insert xong sản lượng ước tính
UpdateTime:Wed Sep 16 2020 15:30:46 GMT+0700 (+07)
insert xong doanh thu ước tính
UpdateTime:Wed Sep 16 2020 15:34:23 GMT+0700 (+07)
Connect success

<--- Last few GCs --->

[6267:0x2574710]  3066528 ms: Scavenge 31.6 (38.3) -> 30.7 (38.3) MB, 2.2 / 1.0 ms  allocation failure 
[6267:0x2574710]  3215127 ms: Scavenge 31.6 (38.3) -> 30.7 (38.3) MB, 1.9 / 0.0 ms  allocation failure 
[6267:0x2574710]  3364526 ms: Scavenge 31.6 (38.3) -> 30.7 (38.3) MB, 0.6 / 0.0 ms  allocation failure 
[6267:0x2574710]  3512528 ms: Scavenge 31.7 (38.3) -> 30.7 (38.3) MB, 1.5 / 0.0 ms  allocation failure 


<--- JS stacktrace --->

==== JS stack trace =========================================

Security context: 0x117c9d625891 <JSObject>
    1: map(this=0x2cfe2b6ffcc9 <JSArray[0]>)
    2: new ServerDescription [/root/AppWeb/autolike.dailyToday/node_modules/mongodb/lib/core/sdam/server_description.js:91] [bytecode=0x39f70426e861 offset=378](this=0x2cfe2b6ffb29 <ServerDescription map = 0x7fc3eeeb3a1>,address=0x26ed151c6fb1 <String[20]: 134.122.71.253:27017>,ismaster=0x2cfe2b6ff241 <Object map = 0x74851d849e1>,options=0x2cfe2b6ffaa...

insert xong sản lượng ước tính
UpdateTime:Wed Sep 16 2020 15:46:37 GMT+0700 (+07)
insert xong doanh thu ước tính
UpdateTime:Wed Sep 16 2020 15:49:45 GMT+0700 (+07)
Connect success

<--- Last few GCs --->

[6709:0x35b9710]  2173111 ms: Scavenge 31.5 (38.8) -> 30.6 (38.8) MB, 1.9 / 0.0 ms  allocation failure 
[6709:0x35b9710]  2316646 ms: Scavenge 31.6 (38.8) -> 30.6 (38.8) MB, 0.9 / 0.0 ms  allocation failure 
[6709:0x35b9710]  2459114 ms: Scavenge 31.6 (38.8) -> 30.6 (38.8) MB, 4.5 / 0.1 ms  allocation failure 
[6709:0x35b9710]  2604109 ms: Scavenge 31.6 (38.8) -> 30.6 (38.8) MB, 0.7 / 0.0 ms  allocation failure 


<--- JS stacktrace --->

==== JS stack trace =========================================

Security context: 0x27c9967a5891 <JSObject>
    1: split(this=0xa93d93eb611 <String[83]: 1,2,3,4,5,6,7,8,9,10,11,12,13,14,15,16,17,18,19,20,21,22,23,24,25,26,27,28,29,30,31>)
    2: mustRun(aka mustRun) [/root/AppWeb/autolike.dailyToday/node_modules/node-cron/src/task.js:~17] [pc=0x186e7d6bda10](this=0x33ded23822d1 <undefined>,task=0xa93d93e51b9 <Task map = 0x3ecbbe5868d1>,date=0x3329d67ff9a9 <Date map = 0x17090683dd9>)
    3: update [/ro...

insert xong sản lượng ước tính
UpdateTime:Wed Sep 16 2020 16:01:04 GMT+0700 (+07)
insert xong doanh thu ước tính
UpdateTime:Wed Sep 16 2020 16:05:26 GMT+0700 (+07)
Connect success

<--- Last few GCs --->

[6906:0x3ff9710]  2174128 ms: Scavenge 31.6 (38.3) -> 30.6 (38.3) MB, 0.9 / 0.0 ms  allocation failure 
[6906:0x3ff9710]  2316733 ms: Scavenge 31.6 (38.3) -> 30.6 (38.3) MB, 1.1 / 0.0 ms  allocation failure 
[6906:0x3ff9710]  2458130 ms: Scavenge 31.6 (38.3) -> 30.6 (38.3) MB, 2.0 / 0.0 ms  allocation failure 
[6906:0x3ff9710]  2601134 ms: Scavenge 31.6 (38.3) -> 30.7 (38.3) MB, 6.5 / 0.0 ms  allocation failure 


<--- JS stacktrace --->

==== JS stack trace =========================================

Security context: 0xb5334925891 <JSObject>
    3: serialize [/root/AppWeb/autolike.dailyToday/node_modules/bson/lib/bson/bson.js:~47] [pc=0x2fb62ac1f02c](this=0x3af2df5620a9 <BSON map = 0x2fd51e17ecc9>,object=0xfeb9b3ff951 <Object map = 0xe95b407b61>,options=0xfeb9b3ffec9 <Object map = 0x312ddf16bc91>)
    4: serializeBson [/root/AppWeb/autolike.dailyToday/node_modules/mongodb/lib/core/connection/msg.js:126] [bytecode=0x133a3fa3d911 offse...


<--- Last few GCs --->

[1930:0x3fa7710] 20190268 ms: Scavenge 33.4 (38.8) -> 32.4 (38.8) MB, 1.8 / 0.0 ms  allocation failure 
[1930:0x3fa7710] 20337268 ms: Scavenge 33.4 (38.8) -> 32.4 (38.8) MB, 2.0 / 0.0 ms  allocation failure 
[1930:0x3fa7710] 20486268 ms: Scavenge 33.4 (38.8) -> 32.4 (38.8) MB, 1.4 / 0.0 ms  allocation failure 
[1930:0x3fa7710] 20635270 ms: Scavenge 33.4 (38.8) -> 32.4 (38.8) MB, 3.8 / 0.0 ms  allocation failure 


<--- JS stacktrace --->

==== JS stack trace =========================================

Security context: 0x19506e325891 <JSObject>
    1: deserializeObject(aka deserializeObject) [/root/AppWeb/autolike.dailyToday/node_modules/bson/lib/bson/parser/deserializer.js:~43] [pc=0x5f80c53f70c](this=0x149e3be022d1 <undefined>,buffer=0x26c0a11ffdb1 <Uint8Array map = 0x312dd6cbbe01>,index=32,options=0x26c0a11ffd81 <Object map = 0x209a71909059>,isArray=0x149e3be023e1 <false>)
    2: deserializeObject(aka deserializeObject) [/root/AppWe...

insert xong sản lượng ước tính
UpdateTime:Wed Sep 16 2020 16:16:58 GMT+0700 (+07)
insert xong doanh thu ước tính
UpdateTime:Wed Sep 16 2020 16:19:52 GMT+0700 (+07)
Connect success
insert xong sản lượng ước tính
UpdateTime:Wed Sep 16 2020 16:32:30 GMT+0700 (+07)
insert xong doanh thu ước tính
UpdateTime:Wed Sep 16 2020 16:37:08 GMT+0700 (+07)
Connect success

<--- Last few GCs --->

[3349:0x35a6710] 16559074 ms: Scavenge 32.3 (37.8) -> 31.3 (37.8) MB, 1.2 / 0.0 ms  allocation failure 
[3349:0x35a6710] 16707073 ms: Scavenge 32.3 (37.8) -> 31.3 (37.8) MB, 0.9 / 0.0 ms  allocation failure 
[3349:0x35a6710] 16856073 ms: Scavenge 32.3 (37.8) -> 31.3 (37.8) MB, 1.5 / 0.0 ms  allocation failure 
[3349:0x35a6710] 17006073 ms: Scavenge 32.3 (37.8) -> 31.4 (37.8) MB, 0.9 / 0.0 ms  allocation failure 


<--- JS stacktrace --->

==== JS stack trace =========================================

Security context: 0x81a0c1a5891 <JSObject>
    2: arrayStrictEqual(aka arrayStrictEqual) [/root/AppWeb/autolike.dailyToday/node_modules/mongodb/lib/core/utils.js:1] [bytecode=0x2f51ddb95251 offset=0](this=0x23cb17e822d1 <undefined>,arr=0x1e77064f0f91 <JSArray[0]>,arr2=0x1e77064ffdb9 <JSArray[0]>)
    3: equals [/root/AppWeb/autolike.dailyToday/node_modules/mongodb/lib/core/sdam/server_description.js:147] [bytecode=0x18a97129cdf9 offset=13...


<--- Last few GCs --->

[3740:0x26be710] 15668657 ms: Scavenge 32.3 (39.3) -> 31.3 (39.3) MB, 1.8 / 0.0 ms  allocation failure 
[3740:0x26be710] 15813104 ms: Scavenge 32.3 (39.3) -> 31.3 (39.3) MB, 1.1 / 0.0 ms  allocation failure 
[3740:0x26be710] 15962103 ms: Scavenge 32.3 (39.3) -> 31.3 (39.3) MB, 0.9 / 0.0 ms  allocation failure 
[3740:0x26be710] 16111549 ms: Scavenge 32.3 (39.3) -> 31.4 (39.3) MB, 1.3 / 0.0 ms  allocation failure 


<--- JS stacktrace --->

==== JS stack trace =========================================

Security context: 0x26e25ee25891 <JSObject>
    2: /* anonymous */(aka /* anonymous */) [/root/AppWeb/autolike.dailyToday/node_modules/mongodb/lib/core/sdam/monitor.js:296] [bytecode=0xd1713063ca1 offset=76](this=0x1e718ea822d1 <undefined>,callback=0x3ba0cc2ffe51 <JSFunction err (sfi = 0xd17130637f1)>)
    3: executeAndReschedule [/root/AppWeb/autolike.dailyToday/node_modules/mongodb/lib/utils.js:763] [bytecode=0xd17130638c1 offset=41](th...

insert xong sản lượng ước tính
UpdateTime:Wed Sep 16 2020 16:46:58 GMT+0700 (+07)
insert xong doanh thu ước tính
UpdateTime:Wed Sep 16 2020 16:50:28 GMT+0700 (+07)
Connect success
Connect success
Connect success
Connect success

<--- Last few GCs --->

[4804:0x3867710] 17050809 ms: Scavenge 32.8 (38.9) -> 31.8 (38.9) MB, 0.9 / 0.0 ms  allocation failure 
[4804:0x3867710] 17218316 ms: Scavenge 32.8 (38.9) -> 31.8 (38.9) MB, 22.7 / 0.0 ms  allocation failure 
[4804:0x3867710] 17367795 ms: Scavenge 32.8 (38.9) -> 31.8 (38.9) MB, 1.4 / 0.0 ms  allocation failure 
[4804:0x3867710] 17517790 ms: Scavenge 32.8 (38.9) -> 31.8 (38.9) MB, 1.0 / 0.0 ms  allocation failure 


<--- JS stacktrace --->

==== JS stack trace =========================================

Security context: 0xa8602a5891 <JSObject>
    1: split(this=0x3528faab7f01 <String[16]: 0,10,20,30,40,50>)
    2: update [/root/AppWeb/autolike.dailyToday/node_modules/node-cron/src/task.js:~48] [pc=0xa79e91efa40](this=0x3528faab57a9 <Task map = 0x1383082c68d9>,date=0x3f22477fd99 <Date map = 0x165dbbe83dd9>)
    3: _onTimeout [/root/AppWeb/autolike.dailyToday/node_modules/node-cron/src/scheduled-task.js:~80] [pc=0xa79e927251d](this=0x3f22...

ErrorError: Redis connection to 127.0.0.1:6379 failed - connect ECONNREFUSED 127.0.0.1:6379
ErrorError: Redis connection to 127.0.0.1:6379 failed - connect ECONNREFUSED 127.0.0.1:6379
ErrorError: Redis connection to 127.0.0.1:6379 failed - connect ECONNREFUSED 127.0.0.1:6379
ErrorError: Redis connection to 127.0.0.1:6379 failed - connect ECONNREFUSED 127.0.0.1:6379
ErrorError: Redis connection to 127.0.0.1:6379 failed - connect ECONNREFUSED 127.0.0.1:6379
ErrorError: Redis connection to 127.0.0.1:6379 failed - connect ECONNREFUSED 127.0.0.1:6379
Connect success
insert xong sản lượng ước tính
UpdateTime:Wed Sep 16 2020 18:15:52 GMT+0700 (+07)
insert xong doanh thu ước tính
UpdateTime:Wed Sep 16 2020 18:25:09 GMT+0700 (+07)
Connect success
insert xong sản lượng ước tính
UpdateTime:Wed Sep 16 2020 18:30:55 GMT+0700 (+07)
insert xong doanh thu ước tính
UpdateTime:Wed Sep 16 2020 18:36:28 GMT+0700 (+07)
Connect success
insert xong sản lượng ước tính
UpdateTime:Wed Sep 16 2020 18:45:54 GMT+0700 (+07)
insert xong doanh thu ước tính
UpdateTime:Wed Sep 16 2020 18:53:31 GMT+0700 (+07)
Connect success
insert xong sản lượng ước tính
UpdateTime:Wed Sep 16 2020 19:01:01 GMT+0700 (+07)
insert xong doanh thu ước tính
UpdateTime:Wed Sep 16 2020 19:07:02 GMT+0700 (+07)
Connect success
insert xong sản lượng ước tính
UpdateTime:Wed Sep 16 2020 19:16:09 GMT+0700 (+07)
insert xong doanh thu ước tính
UpdateTime:Wed Sep 16 2020 19:22:23 GMT+0700 (+07)
Connect success
insert xong sản lượng ước tính
UpdateTime:Wed Sep 16 2020 19:31:48 GMT+0700 (+07)
insert xong doanh thu ước tính
UpdateTime:Wed Sep 16 2020 19:36:59 GMT+0700 (+07)
Connect success
Connect success
Connect success

<--- Last few GCs --->

[4364:0x39d0710]    39351 ms: Scavenge 555.7 (635.6) -> 549.4 (641.6) MB, 67.0 / 2.4 ms  allocation failure 
[4364:0x39d0710]    39698 ms: Scavenge 560.3 (641.6) -> 554.1 (647.1) MB, 42.9 / 0.0 ms  allocation failure 
[4364:0x39d0710]    40385 ms: Scavenge 564.9 (647.1) -> 558.7 (653.1) MB, 110.7 / 4.8 ms  allocation failure 
[4364:0x39d0710]    41068 ms: Scavenge 569.6 (653.1) -> 563.3 (658.6) MB, 113.9 / 5.4 ms  allocation failure 


<--- JS stacktrace --->
Cannot get stack trace in GC.
Connect success
Connect success

<--- Last few GCs --->

[2688:0x4063710]  5763828 ms: Scavenge 31.9 (39.3) -> 30.9 (39.3) MB, 0.6 / 0.0 ms  allocation failure 
[2688:0x4063710]  5910826 ms: Scavenge 31.9 (39.3) -> 30.9 (39.3) MB, 1.2 / 0.0 ms  allocation failure 
[2688:0x4063710]  6055507 ms: Scavenge 31.9 (39.3) -> 30.9 (39.3) MB, 0.7 / 0.0 ms  allocation failure 
[2688:0x4063710]  6200825 ms: Scavenge 31.9 (39.3) -> 30.9 (39.3) MB, 1.0 / 0.0 ms  allocation failure 


<--- JS stacktrace --->

==== JS stack trace =========================================

Security context: 0x1b017e9a5891 <JSObject>
    2: new ServerDescription [/root/AppWeb/autolike.dailyToday/node_modules/mongodb/lib/core/sdam/server_description.js:91] [bytecode=0x20d32b8194d9 offset=372](this=0x1ef30a27fb51 <ServerDescription map = 0xc6e1c8f0411>,address=0x2e2f366dcde1 <String[20]: 134.122.71.253:27017>,ismaster=0x1ef30a27f279 <Object map = 0x23a96b2911f1>,options=0x1ef30a27fad1 <Object map = 0x1a4d5dd03e89>)
    5: /* a...

Connect success

<--- Last few GCs --->

[4935:0x3b7b710]    43020 ms: Scavenge 555.7 (633.1) -> 549.5 (638.6) MB, 108.2 / 6.3 ms  allocation failure 
[4935:0x3b7b710]    45627 ms: Scavenge 560.3 (638.6) -> 554.1 (644.1) MB, 129.2 / 2.0 ms  allocation failure 
[4935:0x3b7b710]    46240 ms: Scavenge 564.9 (644.1) -> 558.7 (649.6) MB, 72.5 / 0.0 ms  allocation failure 
[4935:0x3b7b710]    46890 ms: Scavenge 569.5 (649.6) -> 563.3 (655.6) MB, 150.7 / 5.5 ms  allocation failure 


<--- JS stacktrace --->
Cannot get stack trace in GC.
Connect success

<--- Last few GCs --->

[3194:0x2fda710]  6676829 ms: Scavenge 31.8 (37.8) -> 30.8 (37.8) MB, 0.7 / 0.0 ms  allocation failure 
[3194:0x2fda710]  6822827 ms: Scavenge 31.8 (37.8) -> 30.8 (37.8) MB, 0.6 / 0.0 ms  allocation failure 
[3194:0x2fda710]  6968726 ms: Scavenge 31.8 (37.8) -> 30.8 (37.8) MB, 0.8 / 0.0 ms  allocation failure 
[3194:0x2fda710]  7113828 ms: Scavenge 31.8 (37.8) -> 30.8 (38.3) MB, 0.9 / 0.0 ms  allocation failure 


<--- JS stacktrace --->

==== JS stack trace =========================================

Security context: 0x33cd573a5891 <JSObject>
    1: split(this=0x353acdc77f19 <String[83]: 1,2,3,4,5,6,7,8,9,10,11,12,13,14,15,16,17,18,19,20,21,22,23,24,25,26,27,28,29,30,31>)
    2: mustRun(aka mustRun) [/root/AppWeb/autolike.dailyToday/node_modules/node-cron/src/task.js:~17] [pc=0x2e18b921c630](this=0x1748a71022d1 <undefined>,task=0x353acdc77359 <Task map = 0x4160d4baa69>,date=0x306d1607f7f9 <Date map = 0x2be23c403dd9>)
    3: update [/...


<--- Last few GCs --->

[2266:0x322c710]  8511850 ms: Scavenge 31.9 (38.3) -> 31.0 (38.3) MB, 2.6 / 0.0 ms  allocation failure 
[2266:0x322c710]  8657105 ms: Scavenge 31.9 (38.3) -> 31.0 (38.3) MB, 0.9 / 0.0 ms  allocation failure 
[2266:0x322c710]  8802848 ms: Scavenge 31.9 (38.3) -> 31.0 (38.3) MB, 1.7 / 0.0 ms  allocation failure 
[2266:0x322c710]  8947848 ms: Scavenge 31.9 (38.3) -> 31.0 (38.3) MB, 0.8 / 0.0 ms  allocation failure 


<--- JS stacktrace --->

==== JS stack trace =========================================

Security context: 0x2818e88a5891 <JSObject>
    1: split(this=0x113e42914f1 <String[83]: 1,2,3,4,5,6,7,8,9,10,11,12,13,14,15,16,17,18,19,20,21,22,23,24,25,26,27,28,29,30,31>)
    2: mustRun(aka mustRun) [/root/AppWeb/autolike.dailyToday/node_modules/node-cron/src/task.js:~17] [pc=0x1ec384ba56f0](this=0x198337e022d1 <undefined>,task=0x15d9e33a45e9 <Task map = 0x2bfbe06cfe61>,date=0x7b86e8ff7b1 <Date map = 0x1fdde1303dd9>)
    3: update [/r...

Connect success

<--- Last few GCs --->

[3633:0x3014710]  6705662 ms: Scavenge 31.8 (38.3) -> 30.8 (38.3) MB, 0.7 / 0.0 ms  allocation failure 
[3633:0x3014710]  6852661 ms: Scavenge 31.8 (38.3) -> 30.8 (38.3) MB, 0.6 / 0.0 ms  allocation failure 
[3633:0x3014710]  6998662 ms: Scavenge 31.8 (38.3) -> 30.8 (38.3) MB, 1.0 / 0.0 ms  allocation failure 
[3633:0x3014710]  7143662 ms: Scavenge 31.8 (38.3) -> 30.8 (38.3) MB, 0.9 / 0.0 ms  allocation failure 


<--- JS stacktrace --->

==== JS stack trace =========================================

Security context: 0xab3a425891 <JSObject>
    1: _onTimeout [/root/AppWeb/autolike.dailyToday/node_modules/node-cron/src/scheduled-task.js:~80] [pc=0x3c472782e345](this=0x331daab7f2a9 <Timeout map = 0x2f51d47bf819>)
    2: ontimeout(aka ontimeout) [timers.js:498] [bytecode=0x20df2962fef9 offset=45](this=0xa20016022d1 <undefined>,timer=0x331daab7f2a9 <Timeout map = 0x2f51d47bf819>)
    3: listOnTimeout [timers.js:~231] [pc=0x3c47278277c8](...

insert xong sản lượng ước tính
UpdateTime:Wed Sep 16 2020 21:31:43 GMT+0700 (+07)
insert xong doanh thu ước tính
UpdateTime:Wed Sep 16 2020 21:38:02 GMT+0700 (+07)
Connect success

<--- Last few GCs --->

[1333:0x236a710] 12088843 ms: Scavenge 32.2 (39.3) -> 31.2 (39.3) MB, 0.8 / 0.0 ms  allocation failure 
[1333:0x236a710] 12236844 ms: Scavenge 32.2 (39.3) -> 31.2 (39.3) MB, 0.9 / 0.0 ms  allocation failure 
[1333:0x236a710] 12384843 ms: Scavenge 32.2 (39.3) -> 31.2 (39.3) MB, 1.0 / 0.0 ms  allocation failure 
[1333:0x236a710] 12533843 ms: Scavenge 32.2 (39.3) -> 31.2 (39.3) MB, 1.8 / 0.0 ms  allocation failure 


<--- JS stacktrace --->

==== JS stack trace =========================================

Security context: 0x1416324a5891 <JSObject>
    1: split(this=0x367f2ac605e1 <String[83]: 1,2,3,4,5,6,7,8,9,10,11,12,13,14,15,16,17,18,19,20,21,22,23,24,25,26,27,28,29,30,31>)
    2: update [/root/AppWeb/autolike.dailyToday/node_modules/node-cron/src/task.js:~48] [pc=0x37e57df394fa](this=0x367f2ac53659 <Task map = 0xbe7e4e52a61>,date=0x7ec7f57f949 <Date map = 0x6d4b303dd9>)
    3: _onTimeout [/root/AppWeb/autolike.dailyToday/node_modules/...


<--- Last few GCs --->

[5451:0x2d73710]   842009 ms: Scavenge 31.4 (37.8) -> 30.5 (38.3) MB, 1.2 / 0.0 ms  allocation failure 


<--- JS stacktrace --->

==== JS stack trace =========================================

Security context: 0x1130212a5891 <JSObject>
    1: push(this=0x1dd7617ff7f1 <JSArray[0]>)
    2: parse [/root/AppWeb/autolike.dailyToday/node_modules/mongodb/lib/core/connection/msg.js:203] [bytecode=0x3d693fab8f29 offset=341](this=0x1dd7617ff701 <BinMsg map = 0x3439ee591771>,options=0x1dd7617faec1 <Object map = 0xe2bc02693a9>)
    3: messageHandler [/root/AppWeb/autolike.dailyToday/node_modules/mongodb/lib/cmap/connection.js:241] [byteco...

insert xong sản lượng ước tính
UpdateTime:Wed Sep 16 2020 21:46:41 GMT+0700 (+07)
insert xong doanh thu ước tính
UpdateTime:Wed Sep 16 2020 21:52:49 GMT+0700 (+07)
Connect success

<--- Last few GCs --->

[5759:0x3dfe710]   821339 ms: Scavenge 31.4 (38.8) -> 30.4 (39.3) MB, 5.3 / 0.0 ms  allocation failure 


<--- JS stacktrace --->

==== JS stack trace =========================================

Security context: 0x11b0e31a5891 <JSObject>
    1: split(this=0x1a32fa550af9 <String[61]: 0,1,2,3,4,5,6,7,8,9,10,11,12,13,14,15,16,17,18,19,20,21,22,23>)
    2: mustRun(aka mustRun) [/root/AppWeb/autolike.dailyToday/node_modules/node-cron/src/task.js:~17] [pc=0x2450214b2b27](this=0x1c69ab6022d1 <undefined>,task=0x1a32fa54f3a1 <Task map = 0x29f891adc461>,date=0x402e057fac1 <Date map = 0x24527cc03dd9>)
    3: update [/root/AppWeb/autolike.d...


<--- Last few GCs --->

[1857:0x40ff710] 12124856 ms: Scavenge 32.1 (42.8) -> 31.1 (42.8) MB, 0.8 / 0.0 ms  allocation failure 
[1857:0x40ff710] 12273856 ms: Scavenge 32.1 (42.8) -> 31.1 (42.8) MB, 1.0 / 0.0 ms  allocation failure 
[1857:0x40ff710] 12423855 ms: Scavenge 32.1 (42.8) -> 31.1 (42.8) MB, 0.9 / 0.0 ms  allocation failure 
[1857:0x40ff710] 12572856 ms: Scavenge 32.1 (42.8) -> 31.1 (42.8) MB, 1.1 / 0.0 ms  allocation failure 


<--- JS stacktrace --->

==== JS stack trace =========================================

Security context: 0x1080e3725891 <JSObject>
    1: split(this=0xaff3b4d9129 <String[26]: 1,2,3,4,5,6,7,8,9,10,11,12>)
    2: update [/root/AppWeb/autolike.dailyToday/node_modules/node-cron/src/task.js:~48] [pc=0x3639de4438a5](this=0xaff3b4cefd9 <Task map = 0x24602d3c5d29>,date=0xa4f9d37f629 <Date map = 0x7a1b4983dd9>)
    3: _onTimeout [/root/AppWeb/autolike.dailyToday/node_modules/node-cron/src/scheduled-task.js:~80] [pc=0x3639de43794a](...

insert xong sản lượng ước tính
UpdateTime:Wed Sep 16 2020 22:02:06 GMT+0700 (+07)
Connect success
insert xong doanh thu ước tính
UpdateTime:Wed Sep 16 2020 22:15:33 GMT+0700 (+07)
insert xong sản lượng ước tính
UpdateTime:Wed Sep 16 2020 22:17:04 GMT+0700 (+07)
insert xong doanh thu ước tính
UpdateTime:Wed Sep 16 2020 22:25:00 GMT+0700 (+07)
Connect success
insert xong sản lượng ước tính
UpdateTime:Wed Sep 16 2020 22:32:36 GMT+0700 (+07)
insert xong doanh thu ước tính
UpdateTime:Wed Sep 16 2020 22:39:56 GMT+0700 (+07)
Connect success

<--- Last few GCs --->

[6770:0x2919710]    54751 ms: Scavenge 852.9 (889.4) -> 846.6 (893.9) MB, 105.1 / 5.1 ms  allocation failure 
[6770:0x2919710]    55751 ms: Scavenge 857.5 (893.9) -> 851.3 (898.4) MB, 90.5 / 3.8 ms  allocation failure 
[6770:0x2919710]    58984 ms: Scavenge 862.1 (898.4) -> 855.9 (903.4) MB, 144.8 / 6.0 ms  allocation failure 
[6770:0x2919710]    63996 ms: Scavenge 866.7 (903.4) -> 860.5 (908.4) MB, 154.6 / 5.7 ms  allocation failure 


<--- JS stacktrace --->
Cannot get stack trace in GC.
Connect success
Connect success

<--- Last few GCs --->

[6328:0x3429710]  3097207 ms: Scavenge 31.7 (37.8) -> 30.7 (37.8) MB, 0.9 / 0.0 ms  allocation failure 
[6328:0x3429710]  3240393 ms: Scavenge 31.7 (37.8) -> 30.7 (37.8) MB, 0.8 / 0.0 ms  allocation failure 
[6328:0x3429710]  3386393 ms: Scavenge 31.7 (37.8) -> 30.7 (37.8) MB, 0.7 / 0.0 ms  allocation failure 
[6328:0x3429710]  3529393 ms: Scavenge 31.7 (37.8) -> 30.7 (37.8) MB, 0.9 / 0.0 ms  allocation failure 


<--- JS stacktrace --->

==== JS stack trace =========================================

Security context: 0x3b4ea7aa5891 <JSObject>
    1: split(this=0x19f327c50521 <String[83]: 1,2,3,4,5,6,7,8,9,10,11,12,13,14,15,16,17,18,19,20,21,22,23,24,25,26,27,28,29,30,31>)
    2: mustRun(aka mustRun) [/root/AppWeb/autolike.dailyToday/node_modules/node-cron/src/task.js:~17] [pc=0x23c98429d70](this=0x71f35c822d1 <undefined>,task=0x19f327c4f431 <Task map = 0x1f98edf5dd21>,date=0x2b535037f5c9 <Date map = 0xeacae083dd9>)
    3: update [/ro...


<--- Last few GCs --->

[6503:0x2311710]  2232821 ms: Scavenge 31.6 (37.3) -> 30.6 (37.3) MB, 0.7 / 0.0 ms  allocation failure 
[6503:0x2311710]  2376821 ms: Scavenge 31.6 (37.3) -> 30.7 (37.3) MB, 0.7 / 0.0 ms  allocation failure 
[6503:0x2311710]  2517823 ms: Scavenge 31.6 (37.3) -> 30.7 (37.3) MB, 0.6 / 0.0 ms  allocation failure 
[6503:0x2311710]  2659822 ms: Scavenge 31.6 (37.3) -> 30.7 (37.8) MB, 0.8 / 0.0 ms  allocation failure 


<--- JS stacktrace --->

==== JS stack trace =========================================

Security context: 0x147e60825891 <JSObject>
    1: split(this=0x34ec3bcd1591 <String[26]: 1,2,3,4,5,6,7,8,9,10,11,12>)
    2: mustRun(aka mustRun) [/root/AppWeb/autolike.dailyToday/node_modules/node-cron/src/task.js:~17] [pc=0x377ad999fbf7](this=0x395670e822d1 <undefined>,task=0x111b04883051 <Task map = 0x1c2e54639361>,date=0xa25bd6ff601 <Date map = 0x123315003dd9>)
    3: update [/root/AppWeb/autolike.dailyToday/node_modules/node-cron/sr...


<--- Last few GCs --->

[6122:0x31c0710]  4027392 ms: Scavenge 31.7 (37.8) -> 30.7 (37.8) MB, 0.7 / 0.0 ms  allocation failure 
[6122:0x31c0710]  4171570 ms: Scavenge 31.7 (37.8) -> 30.7 (37.8) MB, 0.7 / 0.0 ms  allocation failure 
[6122:0x31c0710]  4317573 ms: Scavenge 31.7 (37.8) -> 30.7 (37.8) MB, 0.6 / 0.0 ms  allocation failure 
[6122:0x31c0710]  4463570 ms: Scavenge 31.7 (37.8) -> 30.7 (37.8) MB, 0.7 / 0.0 ms  allocation failure 


<--- JS stacktrace --->

==== JS stack trace =========================================

Security context: 0x17fe2d325891 <JSObject>
    1: command [/root/AppWeb/autolike.dailyToday/node_modules/mongodb/lib/cmap/connection.js:~168] [pc=0x1287d29cc29b](this=0xcaf757c8e21 <EventEmitter map = 0x26c38626fac9>,ns=0x6473713a1b1 <String[10]: admin.$cmd>,cmd=0xc4e98bfff09 <Object map = 0x257c0dd86981>,options=0xc4e98bfff39 <JSFunction rttPinger.(anonymous function).command.err (sfi = 0x3750d0bb72a1)>,callback=0x2982329822d1 <undefine...

insert xong sản lượng ước tính
UpdateTime:Wed Sep 16 2020 23:18:23 GMT+0700 (+07)
insert xong doanh thu ước tính
UpdateTime:Wed Sep 16 2020 23:35:49 GMT+0700 (+07)
