Connect success
insert xong tổng bảo hành
UpdateTime:Wed Sep 16 2020 11:02:23 GMT+0700 (+07)
Connect success
insert xong tổng bảo hành
UpdateTime:Wed Sep 16 2020 12:02:20 GMT+0700 (+07)
Connect success
insert xong tổng bảo hành
UpdateTime:Wed Sep 16 2020 13:02:31 GMT+0700 (+07)
Connect success
insert xong tổng bảo hành
UpdateTime:Wed Sep 16 2020 14:01:06 GMT+0700 (+07)

<--- Last few GCs --->

[3348:0x2faf720]  8048384 ms: Scavenge 36.0 (41.8) -> 35.0 (41.8) MB, 1.6 / 0.0 ms  allocation failure 
[3348:0x2faf720]  8312854 ms: Scavenge 36.0 (41.8) -> 35.0 (41.8) MB, 1.0 / 0.0 ms  allocation failure 
[3348:0x2faf720]  8554074 ms: Scavenge 36.0 (41.8) -> 35.0 (41.8) MB, 0.9 / 0.0 ms  allocation failure 
[3348:0x2faf720]  8797804 ms: Scavenge 36.0 (41.8) -> 35.0 (41.8) MB, 1.0 / 0.0 ms  allocation failure 


<--- JS stacktrace --->

==== JS stack trace =========================================

Security context: 0x20488925891 <JSObject>
    1: deserializeObject(aka deserializeObject) [/root/AppWeb/totalWanrranty.autofarmer/node_modules/bson/lib/bson/parser/deserializer.js:~43] [pc=0x6aa025225b8](this=0xdc0f12822d1 <undefined>,buffer=0x9ab6247fef1 <Uint8Array map = 0x3a9912fbbe01>,index=32,options=0x9ab6247fec1 <Object map = 0x11134a9edc31>,isArray=0xdc0f12823e1 <false>)
    2: deserializeObject(aka deserializeObject) [/root/AppW...


<--- Last few GCs --->

[4488:0x2a97720]  4497951 ms: Scavenge 34.9 (41.3) -> 33.9 (41.3) MB, 0.9 / 0.0 ms  allocation failure 
[4488:0x2a97720]  4752698 ms: Scavenge 34.9 (41.3) -> 33.9 (41.3) MB, 1.0 / 0.0 ms  allocation failure 
[4488:0x2a97720]  4987942 ms: Scavenge 34.9 (41.3) -> 34.0 (41.3) MB, 0.9 / 0.0 ms  allocation failure 
[4488:0x2a97720]  5224943 ms: Scavenge 35.0 (41.3) -> 34.0 (41.3) MB, 0.9 / 0.0 ms  allocation failure 


<--- JS stacktrace --->

==== JS stack trace =========================================

Security context: 0x110473425891 <JSObject>
    2: typedArrayConstructByArrayBuffer(aka typedArrayConstructByArrayBuffer)(this=0xfa10b8022d1 <undefined>)
    3: new Uint8Array [native typedarray.js:~158] [pc=0x2e16410b0b8d](this=0x3f997dd7ffa1 <Uint8Array map = 0xcbfa39bbe01>,N=0x3f997dd7fda1 <ArrayBuffer map = 0xcbfa39830c9>,O=0,ae=4)
    5: new FastBuffer(aka FastBuffer) [buffer.js:~37] [pc=0x2e16410b0fdb](this=0xfa10b802311 <the_hole>,...

Connect success
insert xong tổng bảo hành
UpdateTime:Wed Sep 16 2020 15:01:55 GMT+0700 (+07)

<--- Last few GCs --->

[2284:0x2b6a720] 16164114 ms: Scavenge 36.5 (43.3) -> 35.6 (43.3) MB, 1.0 / 0.0 ms  allocation failure 
[2284:0x2b6a720] 16409305 ms: Scavenge 36.5 (43.3) -> 35.6 (43.3) MB, 1.4 / 0.0 ms  allocation failure 
[2284:0x2b6a720] 16664653 ms: Scavenge 36.6 (43.3) -> 35.6 (43.3) MB, 1.3 / 0.0 ms  allocation failure 
[2284:0x2b6a720] 16918113 ms: Scavenge 36.6 (43.3) -> 35.6 (43.3) MB, 1.0 / 0.0 ms  allocation failure 


<--- JS stacktrace --->

==== JS stack trace =========================================

Security context: 0x34fd9e25891 <JSObject>
    1: split(this=0x219be05cc809 <String[83]: 1,2,3,4,5,6,7,8,9,10,11,12,13,14,15,16,17,18,19,20,21,22,23,24,25,26,27,28,29,30,31>)
    2: _onTimeout [/root/AppWeb/totalWanrranty.autofarmer/node_modules/node-cron/src/scheduled-task.js:~80] [pc=0xb56e19bf4b3](this=0x7f8c3dfeef1 <Timeout map = 0x32b35b494949>)
    3: ontimeout(aka ontimeout) [timers.js:498] [bytecode=0x351618e400f1 offset=45](this=...

Connect success
insert xong tổng bảo hành
UpdateTime:Wed Sep 16 2020 16:01:13 GMT+0700 (+07)
Connect success
insert xong tổng bảo hành
UpdateTime:Wed Sep 16 2020 17:01:43 GMT+0700 (+07)

<--- Last few GCs --->

[5601:0x25a6720] 12577155 ms: Scavenge 35.4 (42.3) -> 34.4 (42.3) MB, 1.3 / 0.0 ms  allocation failure 
[5601:0x25a6720] 12828157 ms: Scavenge 35.4 (42.3) -> 34.4 (42.3) MB, 1.5 / 0.0 ms  allocation failure 
[5601:0x25a6720] 13072877 ms: Scavenge 35.4 (42.3) -> 34.4 (42.3) MB, 0.8 / 0.0 ms  allocation failure 
[5601:0x25a6720] 13314158 ms: Scavenge 35.4 (42.3) -> 34.4 (42.3) MB, 1.1 / 0.0 ms  allocation failure 


<--- JS stacktrace --->

==== JS stack trace =========================================

Security context: 0x5935b25891 <JSObject>
    1: split(this=0x1e69b5d23ad9 <String[83]: 1,2,3,4,5,6,7,8,9,10,11,12,13,14,15,16,17,18,19,20,21,22,23,24,25,26,27,28,29,30,31>)
    2: _onTimeout [/root/AppWeb/totalWanrranty.autofarmer/node_modules/node-cron/src/scheduled-task.js:~80] [pc=0x16e3543b9433](this=0x327d9367dea9 <Timeout map = 0x2ce8ae9933f9>)
    3: ontimeout(aka ontimeout) [timers.js:498] [bytecode=0x21daa82bdbf9 offset=45](this...

ErrorError: Redis connection to 127.0.0.1:6379 failed - connect ECONNREFUSED 127.0.0.1:6379
ErrorError: Redis connection to 127.0.0.1:6379 failed - connect ECONNREFUSED 127.0.0.1:6379
ErrorError: Redis connection to 127.0.0.1:6379 failed - connect ECONNREFUSED 127.0.0.1:6379
Connect success
insert xong tổng bảo hành
UpdateTime:Wed Sep 16 2020 19:01:20 GMT+0700 (+07)
Connect success
insert xong tổng bảo hành
UpdateTime:Wed Sep 16 2020 20:08:53 GMT+0700 (+07)
Connect success
insert xong tổng bảo hành
UpdateTime:Wed Sep 16 2020 21:09:33 GMT+0700 (+07)
Connect success

<--- Last few GCs --->

[4936:0x3f05720]  3630254 ms: Scavenge 127.0 (155.8) -> 126.0 (155.8) MB, 1.4 / 0.0 ms  allocation failure 
[4936:0x3f05720]  3871159 ms: Scavenge 127.0 (155.8) -> 126.0 (155.8) MB, 1.4 / 0.0 ms  allocation failure 
[4936:0x3f05720]  4114382 ms: Scavenge 127.0 (155.8) -> 126.0 (155.8) MB, 1.4 / 0.0 ms  allocation failure 
[4936:0x3f05720]  4361652 ms: Scavenge 127.0 (155.8) -> 126.0 (155.8) MB, 1.6 / 0.0 ms  allocation failure 


<--- JS stacktrace --->

==== JS stack trace =========================================

Security context: 0x3719225a5891 <JSObject>
    1: processIncomingData(aka processIncomingData) [/root/AppWeb/totalWanrranty.autofarmer/node_modules/mongodb/lib/cmap/message_stream.js:~103] [pc=0x16ab6ae702a8](this=0x256bb84822d1 <undefined>,stream=0x35a340540391 <Duplex map = 0x39497c7050c1>,callback=0x35a340540e01 <JSBoundFunction (BoundTargetFunction 0x2103a973aef1)>)
    2: writeOrBuffer(aka writeOrBuffer) [_stream_writable.js:~348] [...

insert xong tổng bảo hành
UpdateTime:Wed Sep 16 2020 22:20:38 GMT+0700 (+07)
Connect success

<--- Last few GCs --->

[6931:0x3fb7720]   985055 ms: Scavenge 161.6 (169.8) -> 160.8 (169.8) MB, 12.9 / 0.1 ms  allocation failure 
[6931:0x3fb7720]  1021308 ms: Scavenge 161.7 (169.8) -> 160.9 (169.8) MB, 4.5 / 0.0 ms  allocation failure 
[6931:0x3fb7720]  1048123 ms: Scavenge 161.8 (169.8) -> 161.0 (169.8) MB, 515.8 / 22.8 ms  allocation failure 
[6931:0x3fb7720]  1073197 ms: Scavenge 161.9 (169.8) -> 161.1 (170.3) MB, 43.9 / 8.7 ms  allocation failure 


<--- JS stacktrace --->

==== JS stack trace =========================================

Security context: 0x168db9d25891 <JSObject>
    1: onwrite(aka onwrite) [_stream_writable.js:~431] [pc=0x12ca7674be8d](this=0x4be8e1022d1 <undefined>,stream=0x3903456cecc9 <Socket map = 0x4464ac0af49>,er=0x4be8e1022d1 <undefined>)
    2: arguments adaptor frame: 1->2
    3: /* anonymous */ [net.js:~715] [pc=0x12ca76757c1a](this=0x3903456cecc9 <Socket map = 0x4464ac0af49>,writev=0x4be8e1023e1 <false>,data=0x84c9c9ffe11 <Uint8Array map = 0x...


<--- Last few GCs --->

[6121:0x3721720] 65134294 ms: Scavenge 138.7 (170.3) -> 137.7 (170.3) MB, 2.2 / 0.0 ms  allocation failure 
[6121:0x3721720] 65394601 ms: Scavenge 138.7 (170.3) -> 137.7 (170.3) MB, 2.1 / 0.0 ms  allocation failure 
[6121:0x3721720] 65657573 ms: Scavenge 138.7 (170.3) -> 137.7 (170.3) MB, 5.1 / 0.0 ms  allocation failure 
[6121:0x3721720] 65920570 ms: Scavenge 138.7 (170.3) -> 137.7 (170.3) MB, 1.7 / 0.0 ms  allocation failure 


<--- JS stacktrace --->

==== JS stack trace =========================================

Security context: 0x1c57d3ba5891 <JSObject>
    0: builtin exit frame: new Date(aka Date)(this=0x34d9f96022d1 <undefined>)

    1: _onTimeout [/root/AppWeb/totalWanrranty.autofarmer/node_modules/node-cron/src/scheduled-task.js:~80] [pc=0x11215b06a1ce](this=0x9539ad7f599 <Timeout map = 0x3521eee0c759>)
    2: ontimeout(aka ontimeout) [timers.js:498] [bytecode=0x2e40f9468ae9 offset=45](this=0x34d9f96022d1 <undefined>,timer=0x9539ad7f599 <Ti...


<--- Last few GCs --->

[4209:0x3655720] 87532680 ms: Scavenge 35.1 (69.3) -> 34.1 (69.3) MB, 1.2 / 0.0 ms  allocation failure 
[4209:0x3655720] 87792792 ms: Scavenge 35.1 (69.3) -> 34.1 (69.3) MB, 1.4 / 0.0 ms  allocation failure 
[4209:0x3655720] 88052298 ms: Scavenge 35.1 (69.3) -> 34.1 (69.3) MB, 1.2 / 0.0 ms  allocation failure 
[4209:0x3655720] 88312359 ms: Scavenge 35.1 (69.3) -> 34.2 (69.3) MB, 1.2 / 0.0 ms  allocation failure 


<--- JS stacktrace --->

==== JS stack trace =========================================

Security context: 0xdf188aa5891 <JSObject>
    1: processIncomingData(aka processIncomingData) [/root/AppWeb/totalWanrranty.autofarmer/node_modules/mongodb/lib/cmap/message_stream.js:~103] [pc=0xf759ececb7f](this=0x224e92c822d1 <undefined>,stream=0x28082dea81a1 <Duplex map = 0x244149506b91>,callback=0x5d3294eb729 <JSBoundFunction (BoundTargetFunction 0xbf227cbaef1)>)
    2: writeOrBuffer(aka writeOrBuffer) [_stream_writable.js:~348] [pc=0...


<--- Last few GCs --->

[2689:0x2c39720] 100741407 ms: Scavenge 37.7 (43.3) -> 36.7 (43.3) MB, 0.9 / 0.0 ms  allocation failure 
[2689:0x2c39720] 101001476 ms: Scavenge 37.7 (43.3) -> 36.7 (43.3) MB, 0.9 / 0.0 ms  allocation failure 
[2689:0x2c39720] 101259816 ms: Scavenge 37.7 (43.3) -> 36.7 (43.3) MB, 1.1 / 0.0 ms  allocation failure 
[2689:0x2c39720] 101519179 ms: Scavenge 37.7 (43.3) -> 36.7 (43.3) MB, 1.0 / 0.0 ms  allocation failure 


<--- JS stacktrace --->

==== JS stack trace =========================================

Security context: 0x28e28cea5891 <JSObject>
    1: setTimeout(aka setTimeout) [timers.js:~448] [pc=0x14bdbfaada7e](this=0x1791b3b022d1 <undefined>,callback=0x2cb462af8299 <JSFunction ScheduledTask.task (sfi = 0x2cb462af7c19)>,after=738,arg1=0x1791b3b022d1 <undefined>,arg2=0x1791b3b022d1 <undefined>,arg3=0x1791b3b022d1 <undefined>)
    2: arguments adaptor frame: 2->5
    3: _onTimeout [/root/AppWeb/totalWanrranty.autofarmer/node_modules/n...

Connect success
0212W4
032H3S
04YBPR
0AE4BC
0E5FOF
0VBZ6Z
0W8KP2
Connect success
1BIQN3
1D3IQE
1E313R
0212W4
032H3S
1FCKBQ
04YBPR
1HEBTG
0AE4BC
1QFTDP
0E5FOF
1Z9QYX
0VBZ6Z
205461
228K8X
0W8KP2
22B8DC
245W2M
1BIQN3
290U8V
1D3IQE
29M357
2A3EZ0
1E313R
2BXVXN
1FCKBQ
2FGL2O
1HEBTG

<--- Last few GCs --->

[1615:0x2a01720]  3938787 ms: Scavenge 33.3 (45.8) -> 32.7 (45.8) MB, 40.8 / 7.3 ms  allocation failure 
[1615:0x2a01720]  3943696 ms: Scavenge 33.6 (45.8) -> 33.1 (45.8) MB, 11.1 / 0.0 ms  allocation failure 
[1615:0x2a01720]  3944023 ms: Scavenge 33.7 (45.8) -> 33.3 (45.8) MB, 56.9 / 3.2 ms  allocation failure 


<--- JS stacktrace --->

==== JS stack trace =========================================

Security context: 0x1e8921c25891 <JSObject>
    1: deserializeObject(aka deserializeObject) [/root/AppWeb/totalWanrranty.autofarmer/node_modules/bson/lib/bson/parser/deserializer.js:~43] [pc=0x185ce0d21676](this=0x1ab04d0022d1 <undefined>,buffer=0x133cf6902259 <Uint8Array map = 0x32f419bbe01>,index=98309,options=0x133cf6902229 <Object map = 0x3a62bc6d7b81>,isArray=0x1ab04d0023e1 <false>)
    2: deserializeObject(aka deserializeObject) [/r...


<--- Last few GCs --->

[2528:0x40a8720]   448248 ms: Scavenge 30.8 (37.8) -> 29.8 (37.8) MB, 61.2 / 8.3 ms  allocation failure 


<--- JS stacktrace --->

==== JS stack trace =========================================

Security context: 0x1e2df78a5891 <JSObject>
    3: nextTick [internal/process/next_tick.js:260] [bytecode=0x32e75fd5a301 offset=218](this=0x343c49d89cf9 <process map = 0x2009abd11879>,callback=0x1d5889bbba41 <JSFunction afterWrite (sfi = 0x39ccc8569271)>)
    4: arguments adaptor frame: 5->1
    5: onwrite(aka onwrite) [_stream_writable.js:452] [bytecode=0x3db8a758ac19 offset=127](this=0x5d28a8022d1 <undefined>,stream=0x38b2c427b719 <Dupl...

Connect success

<--- Last few GCs --->

[3373:0x30f5720]   692046 ms: Scavenge 30.9 (36.8) -> 29.9 (36.8) MB, 1.1 / 0.0 ms  allocation failure 
[3373:0x30f5720]   897033 ms: Scavenge 30.9 (36.8) -> 29.9 (37.3) MB, 6.2 / 0.0 ms  allocation failure 
[3373:0x30f5720]  1112394 ms: Scavenge 30.9 (37.3) -> 29.9 (37.3) MB, 1.3 / 0.0 ms  allocation failure 
[3373:0x30f5720]  1325028 ms: Scavenge 30.9 (37.3) -> 30.0 (37.3) MB, 1.1 / 0.0 ms  allocation failure 


<--- JS stacktrace --->

==== JS stack trace =========================================

Security context: 0x19af916a5891 <JSObject>
    2: setTimeout(aka setTimeout) [timers.js:1] [bytecode=0x2701ac644389 offset=0](this=0xf313b9822d1 <undefined>,callback=0x2701ac6430c1 <JSFunction ScheduledTask.task (sfi = 0x2701ac642a51)>,after=805,arg1=0xf313b9822d1 <undefined>,arg2=0xf313b9822d1 <undefined>,arg3=0xf313b9822d1 <undefined>)
    3: arguments adaptor frame: 2->5
    4: /* anonymous */ [/root/AppWeb/totalWanrranty.autofarmer/n...

Connect success

<--- Last few GCs --->

[4102:0x2c8c720]  1742717 ms: Scavenge 30.9 (37.3) -> 29.9 (37.3) MB, 0.8 / 0.0 ms  allocation failure 
[4102:0x2c8c720]  1959717 ms: Scavenge 30.9 (37.3) -> 29.9 (37.3) MB, 1.9 / 0.7 ms  allocation failure 
[4102:0x2c8c720]  2179715 ms: Scavenge 30.9 (37.3) -> 29.9 (37.3) MB, 0.7 / 0.0 ms  allocation failure 
[4102:0x2c8c720]  2402717 ms: Scavenge 30.9 (37.3) -> 30.0 (37.3) MB, 1.1 / 0.0 ms  allocation failure 


<--- JS stacktrace --->

==== JS stack trace =========================================

Security context: 0x3ffe15425891 <JSObject>
    2: createTimersList(aka createTimersList) [timers.js:206] [bytecode=0x2bc3b9bf5d39 offset=102](this=0xf89ecb022d1 <undefined>,msecs=10000,unrefed=0xf89ecb023e1 <false>)
    3: insert(aka insert) [timers.js:179] [bytecode=0x2bc3b9bc5881 offset=85](this=0xf89ecb022d1 <undefined>,item=0x2467ec2ffec1 <Timeout map = 0x2ddfe5592799>,unrefed=0xf89ecb023e1 <false>)
    4: /* anonymous */(aka /* anon...

Connect success

<--- Last few GCs --->

[4908:0x2282720]   879737 ms: Scavenge 30.9 (36.8) -> 29.9 (36.8) MB, 1.4 / 0.0 ms  allocation failure 
[4908:0x2282720]  1099204 ms: Scavenge 30.9 (36.8) -> 30.0 (37.3) MB, 1.1 / 0.0 ms  allocation failure 
[4908:0x2282720]  1318740 ms: Scavenge 31.0 (37.3) -> 30.0 (37.3) MB, 0.8 / 0.0 ms  allocation failure 
[4908:0x2282720]  1536743 ms: Scavenge 31.0 (37.3) -> 30.0 (37.3) MB, 0.8 / 0.0 ms  allocation failure 


<--- JS stacktrace --->

==== JS stack trace =========================================

Security context: 0x2912b9b25891 <JSObject>
    2: insert(aka insert) [timers.js:179] [bytecode=0x3ddc987fb859 offset=92](this=0x1f778bd022d1 <undefined>,item=0x5199587fda9 <Timeout map = 0x11dcbf928a1>,unrefed=0x1f778bd023e1 <false>)
    3: /* anonymous */(aka /* anonymous */) [timers.js:152] [bytecode=0x10f85fcabb61 offset=8](this=0x1f778bd022d1 <undefined>,item=0x5199587fda9 <Timeout map = 0x11dcbf928a1>)
    4: createSingleTimeout(aka...

Connect success
0212W4
032H3S
04YBPR
0AE4BC
0E5FOF
0VBZ6Z
0W8KP2
1BIQN3
1D3IQE
1E313R
1FCKBQ
1HEBTG
1QFTDP
1Z9QYX
205461
228K8X
22B8DC
245W2M
290U8V
29M357
2A3EZ0
2BXVXN
2FGL2O
Connect success
0212W4
2H2M3E
032H3S
2L8DDK
04YBPR
2MMQL6
2Q5RP2
0AE4BC
2QH8TY
0E5FOF
2WBLX6
0VBZ6Z
0W8KP2
37B5K5
37GSII
1BIQN3
1D3IQE
38ZZEF
390SPJ
1E313R
3BK28D
1FCKBQ
1HEBTG
3DUFCV
1QFTDP
3DVRDK
1Z9QYX
3G92S3
205461
3JA5W2
228K8X
3JHZ8F
22B8DC
3K4T43
245W2M
3K9HBM
3KBIVD
290U8V
3L44JJ
29M357
3MWEN9
2A3EZ0
3OJD7K
2BXVXN
3PN6TE
2FGL2O
3QZNK5
2H2M3E
3RDJ6E
3UGLPC
2L8DDK
3Z7T7T
2MMQL6
430PXX
2Q5RP2
2QH8TY
43NXBM
2WBLX6
45E3GN
47GB8U
37B5K5
37GSII
4BU6OR
4F5VRI
38ZZEF
4JKEOF
390SPJ
4K2AVU
4JQBR7
3BK28D
4P4V6U
4TSFRC
3DUFCV
4UXU4S
3G92S3
3DVRDK
54PHBE
3JA5W2
56T252
3JHZ8F
3K4T43
5BU5N0
3K9HBM
3KBIVD
5DCBL3
3L44JJ
5TJTNT
3MWEN9
3OJD7K
5UFXA3
3PN6TE
5VB3J8
3QZNK5
3RDJ6E
5WD9YQ
3UGLPC
5WPKCX
3Z7T7T
430PXX
5X7XR3
5XAM95
43NXBM
45E3GN
62UHJS
47GB8U
633M65
64WFBK
4BU6OR
66IK3Z
4F5VRI
4JKEOF
68L10F
4JQBR7
4K2AVU
6EVQFZ
4P4V6U
6HC8BU
4TSFRC
6HNJKR
4UXU4S
54PHBE
6IFUOG
56T252
6J1H6H
6JACND
5BU5N0
6KKVUO
5DCBL3
6KOVJG
5TJTNT
5UFXA3
6MVTET
6PVI7V
5VB3J8
6WRFBV
6X9NYY
5WD9YQ
6YDJWM
5WPKCX
6ZID08
5X7XR3
73T9V2
5XAM95
746SQM
74FLEW
62UHJS
755SLT
633M65
765SLV
64WFBK
66IK3Z
78UC66
68L10F
7EFRDM
6EVQFZ
7FQ5ZY
6HC8BU
7KCQDL
6HNJKR
7MZBFV
7NQO89
6IFUOG
6J1H6H
7PQPQT
6JACND
7PVNTY
6KKVUO
7PXM3J
6KOVJG
7QK5E4
7R2NHS
6MVTET
7TZ30O
6PVI7V
7VM94C
6WRFBV
7Y9UKZ
81TP5J
6X9NYY
6YDJWM
82P76W
84XEWF
6ZID08
8525DP
73T9V2
8942UJ
746SQM
74FLEW
8AWYTK
755SLT
8EQZ7N
8EVZKA
765SLV
8FRVME
8JMXCK
78UC66
8KTRAC
8MF45D
7EFRDM
7FQ5ZY
8RESR9
8U3HQN
7KCQDL
8UY0JJ
7MZBFV
8XBZUE
7NQO89
9569IX
7PQPQT
97RODU
7PVNTY
99F4H9
7PXM3J
9G4HAN
7QK5E4
9G8YQU
7R2NHS
7TZ30O
9ISIDV
7VM94C
9OXJSG
7Y9UKZ
81TP5J
9Y9V4C
A53CFG
82P76W
ABSP6Z
84XEWF
ANXDUE
8525DP
8942UJ
AR1NML
8AWYTK
AR643E
8EQZ7N
8EVZKA
AU1IS3
8FRVME
B2P44E
8JMXCK
B7KXD4
8KTRAC
8MF45D
B9PBET
BBPSTP
8RESR9
BC73QS
8U3HQN
BD3M3V
8UY0JJ
8XBZUE
BJJMPP
9569IX
BJU9C7
97RODU
BL73YA
99F4H9
BLDW3W
9G4HAN
9G8YQU
BN668E
BP2SCC
9ISIDV
BR5S82
9OXJSG
9Y9V4C
BRZT3M
A53CFG
BTVQQF
BU7EHI
ABSP6Z
ANXDUE
BVPLWL
AR1NML
BXFZ5R
C06BJO
AR643E
C17RSC
AU1IS3
B2P44E
C3625C
B7KXD4
C3MVNA
B9PBET
C6UD42
BBPSTP
BC73QS
CB3ZSX
CE6WCK
BD3M3V
CGW8MU
BJJMPP
CJWRNH
BJU9C7
CMSE6J
BL73YA
CNXH2J
BLDW3W
CPX1Q1
CR5PBU
BN668E
CSTFUF
BP2SCC
CTF9CM
CUZAPK
BR5S82
CWPWHM
CX67UV
BRZT3M
CXJX0U
CZ74TS
BTVQQF
D1D8NK
D2S5MB
BU7EHI
D6ZZTE
D85NT4
DAUNXF
BVPLWL
BXFZ5R
DAXGD5
C06BJO
DC8S87
C17RSC
DCY0L9
C3MVNA
C3625C
DF6VPJ
C6UD42
DH6QSS
DHMM3D
CB3ZSX
CE6WCK
DHN3ZU
CGW8MU
DKGGUJ
CJWRNH
CMSE6J
DL7NG7
CNXH2J
DM0570
CPX1Q1
CR5PBU
DP2DFW
CSTFUF
CTF9CM
DSYNVR
CUZAPK
DWN5JB
CWPWHM
DYFCB9
CX67UV
CXJX0U
E1TYYP
CZ74TS
E23RYJ
D1D8NK
E2ZB98
D2S5MB
EDPA5F
D6ZZTE
EHJRK7
D85NT4
DAUNXF
EIBTP4
DAXGD5
EIQW3H
DC8S87
EJY6NW
DCY0L9
EM1SVN
DF6VPJ
ENSRGZ
DH6QSS
DHMM3D
EQFFMC
DHN3ZU
EQXA7B
ERAMPV
DKGGUJ
EYJDDZ
EZVGWT
DL7NG7
EZZNYK
DM0570
F39LZ5
DP2DFW
DSYNVR
F4K60N
DWN5JB
DYFCB9
FCD74K
FEVYFY
E1TYYP
FG6VUH
E23RYJ
E2ZB98
FLN92B
EDPA5F
FRNU9H
EHJRK7
FST6ER
EIBTP4
FTEXFB
EIQW3H
FX2S41
EJY6NW
G2VNUM
EM1SVN
G3E792
G6V9JQ
ENSRGZ
EQFFMC
G7U3Y5
EQXA7B
G9RRGB
ERAMPV
EYJDDZ
GM9CA4
EZVGWT
GUOA7W
EZZNYK
GV9Z4W
GVWEUT
F39LZ5
F4K60N
GW6VD6
FCD74K
H64N3U
FEVYFY
H7EVB2
FG6VUH
H7NA44
FLN92B
H9I2AL
FRNU9H
HA9U3H
HF3C3V
FST6ER
FTEXFB
HFZLO6
HHBX85
FX2S41
HMYTQJ
G2VNUM
G3E792
HPL2BN
G6V9JQ
HPQDXC
HS7UZW
G7U3Y5
G9RRGB
HT2HCS
GM9CA4
HTPUYL
GUOA7W
HXPJ4C
GV9Z4W
I4HM6B
GVWEUT
I4NPFY
GW6VD6
I7WHV8
H64N3U
H7EVB2
I94VKK
ICTH1W
H7NA44
H9I2AL
IE7D3D
HA9U3H
IOHF70
HF3C3V
IWD047
HFZLO6
IWVP2X
HHBX85
J17GXW
HMYTQJ
J3WOO4
HPL2BN
J5PP5Y
HPQDXC
JAIEL1
HS7UZW
JN695I
HT2HCS
JONQBW
HTPUYL
JP6OGD
HXPJ4C
JRB3Y3
I4HM6B
JS94SK
I4NPFY
JY3X1R
JYQ532
I7WHV8
JZ7V9R
I94VKK
JZO1W3
ICTH1W
K005HM
IE7D3D
K0UW8S
IOHF70
K4QXX0
IWD047
K5WZEE
IWVP2X
K6YUC8
J17GXW
KBHJYF
J3WOO4
KC9L7W
KGVJWB
J5PP5Y
KJMWVT
JAIEL1
KJR7BM
JN695I
KJTAS5
JONQBW
KK0QNH
JP6OGD
KKKGSU
JRB3Y3
KNCZ4C
JS94SK
KOH8YC
KRLM3W
JY3X1R
KRYOEL
JYQ532
KSRCUC
JZ7V9R
L19RRU
JZO1W3
L2NKZJ
L36M3R
K005HM
K0UW8S
L8HYW6
K4QXX0
LLRF8F
K5WZEE
K6YUC8
LMNZ9B
KBHJYF
LP4DJX
KC9L7W
LPRGZD
KGVJWB
KJMWVT
LU42D8
LWEXX1
KJR7BM
LXSTCH
KJTAS5
M1VB6G
M4CBYA
KK0QNH
M7O7NA
KKKGSU
KNCZ4C
MEXG87
KOH8YC
MFAHQH
KRLM3W
KRYOEL
MKKDSF
KSRCUC
MKOKPR
L19RRU
MLEA83
L2NKZJ
L36M3R
MNWGFT
MO966F
L8HYW6
MPF28Z
LLRF8F
MRSK8J
LMNZ9B
MU9IV0
MWMVGY
LP4DJX
MXXEN6
LPRGZD
MZ68LX
LU42D8
N0T9WI
LWEXX1
LXSTCH
N69QUZ
N6XYMB
M1VB6G
NEC8L3
M4CBYA
M7O7NA
NFAMW9
MEXG87
NQ4NPV
MFAHQH
NYQNBX
MKKDSF
O7BOHZ
OBJO9Q
MKOKPR
MLEA83
OBV2WR
OHG7GY
MNWGFT
OJE05O
ONL2BA
MO966F
OTA6A6
MPF28Z
OUAQ8S
MRSK8J
P2EYXT
MU9IV0
P57HAQ
MWMVGY
PBJUKE
MXXEN6
PBS9B4
MZ68LX
PC7FW8
PD32CD
N0T9WI
PDR9JN
PDYD92
N69QUZ
PGD28Q
N6XYMB
PH5U5M
NEC8L3
PJKYQ0
PJ2JHS
NFAMW9
NQ4NPV
PJUAR8
NYQNBX
PJVUB6
O7BOHZ
PK23C2
OBJO9Q
PY8Z4G
PZMGWA
OBV2WR
OHG7GY
Q9EFG2
OJE05O
ONL2BA
QAXRNR
OTA6A6
QBR5CV
OUAQ8S
QGTVK7
P2EYXT
QHXYBH
P57HAQ
PBJUKE
QK9EXJ
PBS9B4
PC7FW8
QM1JIP
PD32CD
PDR9JN
QME9BG
PDYD92
PGD28Q
QMZCQT
PH5U5M
PJ2JHS
QN7QJ6
PJKYQ0
QNEFRJ
PJUAR8
PJVUB6
QNL72V
PK23C2
QQ6AC8
PY8Z4G
PZMGWA
QQVTLW
Q9EFG2
QRSV6L
QAXRNR
QZBAAL
R4YTSB
QBR5CV
R6DOA7
QGTVK7
R9N49G
QHXYBH
RBQNI1
QK9EXJ
RCE9SM
QM1JIP
RFLII8
QME9BG
RHNFVM
RJFFQQ
QMZCQT
RME7GR
QN7QJ6
RST8M8
RVGHZQ
QNEFRJ
S0QA63
QNL72V
S3RYDC
S49H8K
QQ6AC8
S9LNOW
SAYGT8
QQVTLW
SB56EG
QRSV6L
SBBQTM
QZBAAL
SDRRNE
R4YTSB
SHJ9LQ
SRK5FL
R6DOA7
SS5FNH
R9N49G
SVO3T3
RBQNI1
RCE9SM
SW46F8
SWZKNE
RFLII8
SYK3PC
T2LP7R
RHNFVM
T2MGUH
RJFFQQ
T35I9X
T79FFL
RME7GR
T7MA26
RST8M8
T831FF
RVGHZQ
S0QA63
T9BE4H
S3RYDC
T9MMQT
S49H8K
S9LNOW
TAB3IC
SAYGT8
TH73JM
SB56EG
TMA6KW
TUMKQS
SBBQTM
TWTP3T
TXXXB9
SDRRNE
SHJ9LQ
U23FZT
SRK5FL
SS5FNH
U5AGIR
SVO3T3
U62WM8
SW46F8
SWZKNE
U6WZS7
SYK3PC
T2LP7R
U79TS3
T2MGUH
T35I9X
UC4D2A
T79FFL
UDXYMH
T7MA26
T831FF
UJM0SW
T9BE4H
UK8WS4
ULEHJ6
T9MMQT
UNC9C3
TAB3IC
TH73JM
UNHC6P
UPWQ12
TMA6KW
USCP4O
TUMKQS
UWC2VD
TWTP3T
UX0RUL
TXXXB9
UZ8Z9S
U23FZT
V2ZWST
U5AGIR
V6FRE3
U62WM8
V87ZDE
U6WZS7
V8KB2S
V9VKHA
U79TS3
VEH92R
UC4D2A
VGDJJC
UDXYMH
VNOUZP
VPEJPV
UJM0SW
VPP2DG
UK8WS4
VQXAO1
ULEHJ6
UNC9C3
VT5N5O
UNHC6P
VXPLF9
UPWQ12
USCP4O
VZ4UVS

<--- Last few GCs --->

[6091:0x3d37720]  1748668 ms: Scavenge 30.9 (37.3) -> 30.0 (37.3) MB, 1.2 / 0.0 ms  allocation failure 
[6091:0x3d37720]  1968735 ms: Scavenge 31.0 (37.3) -> 30.0 (37.3) MB, 1.1 / 0.0 ms  allocation failure 
[6091:0x3d37720]  2188796 ms: Scavenge 31.0 (37.3) -> 30.0 (37.3) MB, 0.8 / 0.0 ms  allocation failure 
[6091:0x3d37720]  2410171 ms: Scavenge 31.0 (37.3) -> 30.0 (37.3) MB, 1.3 / 0.0 ms  allocation failure 


<--- JS stacktrace --->

==== JS stack trace =========================================

Security context: 0x2d9816025891 <JSObject>
    1: split(this=0x12ce81599b29 <String[61]: 0,1,2,3,4,5,6,7,8,9,10,11,12,13,14,15,16,17,18,19,20,21,22,23>)
    2: mustRun(aka mustRun) [/root/AppWeb/totalWanrranty.autofarmer/node_modules/node-cron/src/task.js:~17] [pc=0xc36a82569e](this=0x22ac2e3022d1 <undefined>,task=0x12ce815a6ce9 <Task map = 0x39381f592849>,date=0x225313bffb41 <Date map = 0x2b9b82503dd9>)
    3: update [/root/AppWeb/total...

UWC2VD
W49YMX
UX0RUL
WA3DDC
WCMFXD
UZ8Z9S
WFVTPE

<--- Last few GCs --->

[5367:0x3557720]  6257442 ms: Scavenge 34.1 (43.8) -> 33.6 (43.8) MB, 74.5 / 4.0 ms  allocation failure 
[5367:0x3557720]  6257668 ms: Scavenge 34.3 (43.8) -> 33.9 (43.8) MB, 51.1 / 6.3 ms  allocation failure 
[5367:0x3557720]  6257798 ms: Scavenge 34.6 (43.8) -> 34.3 (43.8) MB, 93.8 / 10.7 ms  allocation failure 
[5367:0x3557720]  6257971 ms: Scavenge 34.9 (43.8) -> 34.4 (43.8) MB, 66.0 / 7.0 ms  allocation failure 


<--- JS stacktrace --->

==== JS stack trace =========================================

Security context: 0x2e75c98a5891 <JSObject>
    1: deserializeObject(aka deserializeObject) [/root/AppWeb/totalWanrranty.autofarmer/node_modules/bson/lib/bson/parser/deserializer.js:~43] [pc=0x357e539050e2](this=0x98051a022d1 <undefined>,buffer=0x3c3c74b5d179 <Uint8Array map = 0x338bdcabbe01>,index=15060,options=0x3c3c74b5d139 <Object map = 0x2374a7066f91>,isArray=0x98051a023e1 <false>)
    2: deserializeObject(aka deserializeObject) [/ro...

Connect success
8C7Z4N
JXUYF8
KRLFCL
insert xong tổng bảo hành
UpdateTime:Sun Sep 20 2020 00:59:23 GMT+0700 (+07)
8C7Z4N
JXUYF8
Connect success
KRLFCL
insert xong tổng bảo hành
UpdateTime:Sun Sep 20 2020 01:00:33 GMT+0700 (+07)
8C7Z4N
8C7Z4N
JXUYF8
JXUYF8
KRLFCL
KRLFCL
insert xong tổng bảo hành
UpdateTime:Sun Sep 20 2020 01:59:35 GMT+0700 (+07)
insert xong tổng bảo hành
UpdateTime:Sun Sep 20 2020 01:59:35 GMT+0700 (+07)
8C7Z4N
8C7Z4N
Connect success
JXUYF8
JXUYF8
KRLFCL
KRLFCL
insert xong tổng bảo hành
UpdateTime:Sun Sep 20 2020 02:00:57 GMT+0700 (+07)
insert xong tổng bảo hành
UpdateTime:Sun Sep 20 2020 02:00:57 GMT+0700 (+07)
8C7Z4N
8C7Z4N
8C7Z4N
JXUYF8
JXUYF8
JXUYF8
KRLFCL
KRLFCL
KRLFCL
insert xong tổng bảo hành
UpdateTime:Sun Sep 20 2020 02:59:49 GMT+0700 (+07)
insert xong tổng bảo hành
UpdateTime:Sun Sep 20 2020 02:59:49 GMT+0700 (+07)
insert xong tổng bảo hành
UpdateTime:Sun Sep 20 2020 02:59:49 GMT+0700 (+07)
8C7Z4N
8C7Z4N
8C7Z4N
Connect success
JXUYF8
JXUYF8
JXUYF8
KRLFCL
KRLFCL
KRLFCL
insert xong tổng bảo hành
UpdateTime:Sun Sep 20 2020 03:01:30 GMT+0700 (+07)
insert xong tổng bảo hành
UpdateTime:Sun Sep 20 2020 03:01:30 GMT+0700 (+07)
insert xong tổng bảo hành
UpdateTime:Sun Sep 20 2020 03:01:30 GMT+0700 (+07)

<--- Last few GCs --->

[11394:0x35e9720]  1063607 ms: Scavenge 30.9 (37.8) -> 29.9 (38.3) MB, 14.9 / 0.0 ms  allocation failure 
[11394:0x35e9720]  1259048 ms: Scavenge 30.9 (38.3) -> 30.0 (38.3) MB, 1.5 / 0.0 ms  allocation failure 
[11394:0x35e9720]  1466051 ms: Scavenge 30.9 (38.3) -> 30.0 (38.3) MB, 5.0 / 0.0 ms  allocation failure 
[11394:0x35e9720]  1683048 ms: Scavenge 31.0 (38.3) -> 30.0 (38.3) MB, 1.0 / 0.0 ms  allocation failure 


<--- JS stacktrace --->

==== JS stack trace =========================================

Security context: 0x216ea5f25891 <JSObject>
    4: createTimersList(aka createTimersList) [timers.js:199] [bytecode=0x3d483606e5f9 offset=13](this=0x96091822d1 <undefined>,msecs=746,unrefed=0x96091823e1 <false>)
    5: insert(aka insert) [timers.js:179] [bytecode=0x3d483603ac99 offset=85](this=0x96091822d1 <undefined>,item=0x2aaf532fff11 <Timeout map = 0x25dc52c14109>,unrefed=0x96091823e1 <false>)
    6: /* anonymous */(aka /* anonymous *...


<--- Last few GCs --->

[7077:0x257e720] 12593941 ms: Scavenge 31.6 (37.3) -> 30.6 (37.3) MB, 1.6 / 0.0 ms  allocation failure 
[7077:0x257e720] 12890940 ms: Scavenge 31.6 (37.3) -> 30.6 (37.3) MB, 3.3 / 0.0 ms  allocation failure 
[7077:0x257e720] 13128938 ms: Scavenge 31.6 (37.3) -> 30.6 (37.3) MB, 2.6 / 0.0 ms  allocation failure 
[7077:0x257e720] 13366936 ms: Scavenge 31.6 (37.3) -> 30.6 (37.3) MB, 1.6 / 0.0 ms  allocation failure 


<--- JS stacktrace --->

==== JS stack trace =========================================

Security context: 0x20bcd3725891 <JSObject>
    1: push(this=0x148552d7fe99 <JSArray[0]>)
    2: toBin [/root/AppWeb/totalWanrranty.autofarmer/node_modules/mongodb/lib/core/connection/msg.js:100] [bytecode=0x38d39c1a03a9 offset=99](this=0x148552d7fc79 <Msg map = 0x1304d2193e49>)
    3: writeCommand [/root/AppWeb/totalWanrranty.autofarmer/node_modules/mongodb/lib/cmap/message_stream.js:55] [bytecode=0x38d39c1d4b11 offset=67](this=0x13b8b70...

8C7Z4N
8C7Z4N
JXUYF8
JXUYF8
KRLFCL
KRLFCL
insert xong tổng bảo hành
UpdateTime:Sun Sep 20 2020 03:59:36 GMT+0700 (+07)
insert xong tổng bảo hành
UpdateTime:Sun Sep 20 2020 03:59:36 GMT+0700 (+07)
8C7Z4N
8C7Z4N
Connect success
JXUYF8
JXUYF8
KRLFCL
KRLFCL
insert xong tổng bảo hành
UpdateTime:Sun Sep 20 2020 04:01:26 GMT+0700 (+07)
insert xong tổng bảo hành
UpdateTime:Sun Sep 20 2020 04:01:26 GMT+0700 (+07)
8C7Z4N
8C7Z4N
8C7Z4N
JXUYF8
JXUYF8
JXUYF8
KRLFCL
KRLFCL
KRLFCL
insert xong tổng bảo hành
UpdateTime:Sun Sep 20 2020 04:59:48 GMT+0700 (+07)
insert xong tổng bảo hành
UpdateTime:Sun Sep 20 2020 04:59:48 GMT+0700 (+07)
insert xong tổng bảo hành
UpdateTime:Sun Sep 20 2020 04:59:48 GMT+0700 (+07)
Connect success
8C7Z4N
8C7Z4N
8C7Z4N
JXUYF8
JXUYF8
JXUYF8
KRLFCL
KRLFCL
KRLFCL
insert xong tổng bảo hành
UpdateTime:Sun Sep 20 2020 05:01:34 GMT+0700 (+07)
insert xong tổng bảo hành
UpdateTime:Sun Sep 20 2020 05:01:34 GMT+0700 (+07)
insert xong tổng bảo hành
UpdateTime:Sun Sep 20 2020 05:01:34 GMT+0700 (+07)

<--- Last few GCs --->

[9862:0x2a1b720] 10885008 ms: Scavenge 41.6 (47.3) -> 40.4 (47.3) MB, 3.8 / 0.0 ms  allocation failure 
[9862:0x2a1b720] 10887723 ms: Scavenge 41.3 (47.3) -> 40.4 (47.3) MB, 2.3 / 0.0 ms  allocation failure 
[9862:0x2a1b720] 10888538 ms: Scavenge 41.4 (47.3) -> 40.4 (47.3) MB, 1.2 / 0.0 ms  allocation failure 
[9862:0x2a1b720] 10892017 ms: Scavenge 41.4 (47.3) -> 40.4 (47.3) MB, 0.8 / 0.0 ms  allocation failure 


<--- JS stacktrace --->

==== JS stack trace =========================================

Security context: 0x29816f125891 <JSObject>
    1: split(this=0xdbd70284769 <String[26]: 1,2,3,4,5,6,7,8,9,10,11,12>)
    2: _onTimeout [/root/AppWeb/totalWanrranty.autofarmer/node_modules/node-cron/src/scheduled-task.js:~80] [pc=0x91824b575ed](this=0x30f7c8afead1 <Timeout map = 0x1c8e274941b9>)
    3: ontimeout(aka ontimeout) [timers.js:498] [bytecode=0x371d24e635d1 offset=45](this=0x145055d022d1 <undefined>,timer=0x30f7c8afead1 <Timeout...


<--- Last few GCs --->

[8544:0x3c9a720] 14976792 ms: Scavenge 31.5 (37.3) -> 30.5 (37.8) MB, 2.2 / 0.0 ms  allocation failure 
[8544:0x3c9a720] 15215242 ms: Scavenge 31.5 (37.8) -> 30.5 (37.8) MB, 1.3 / 0.0 ms  allocation failure 


<--- JS stacktrace --->

==== JS stack trace =========================================

Security context: 0x14ae60825891 <JSObject>
    1: keys(this=0x14ae60804809 <JSFunction Object (sfi = 0x1210c4389cf9)>,0x39994177fb01 <JSArray[0]>)
    2: tagsStrictEqual(aka tagsStrictEqual) [/root/AppWeb/totalWanrranty.autofarmer/node_modules/mongodb/lib/core/utils.js:195] [bytecode=0x3c90d83c9e99 offset=50](this=0x1210c43822d1 <undefined>,tags=0x399941778459 <JSArray[0]>,tags2=0x39994177fb01 <JSArray[0]>)
    3: equals [/root/AppWeb/to...


<--- Last few GCs --->

[14698:0x2ced720]  1116307 ms: Scavenge 30.9 (37.3) -> 29.9 (37.3) MB, 1.6 / 0.0 ms  allocation failure 
[14698:0x2ced720]  1334365 ms: Scavenge 30.9 (37.3) -> 29.9 (37.3) MB, 0.9 / 0.0 ms  allocation failure 
[14698:0x2ced720]  1553307 ms: Scavenge 30.9 (37.3) -> 29.9 (37.3) MB, 1.4 / 0.0 ms  allocation failure 
[14698:0x2ced720]  1774468 ms: Scavenge 30.9 (37.3) -> 30.0 (37.3) MB, 1.5 / 0.0 ms  allocation failure 


<--- JS stacktrace --->

==== JS stack trace =========================================

Security context: 0x3faf04aa5891 <JSObject>
    1: split(this=0x22b449bbe519 <String[83]: 1,2,3,4,5,6,7,8,9,10,11,12,13,14,15,16,17,18,19,20,21,22,23,24,25,26,27,28,29,30,31>)
    2: mustRun(aka mustRun) [/root/AppWeb/totalWanrranty.autofarmer/node_modules/node-cron/src/task.js:~17] [pc=0x57c10d2764](this=0x14312b4822d1 <undefined>,task=0x22b449bbb221 <Task map = 0x3c3f81c137c1>,date=0x3e74c357f931 <Date map = 0x1f23e9303dd9>)
    3: upda...

8C7Z4N
JXUYF8
KRLFCL
insert xong tổng bảo hành
UpdateTime:Sun Sep 20 2020 05:59:24 GMT+0700 (+07)
8C7Z4N
JXUYF8
Connect success
KRLFCL
insert xong tổng bảo hành
UpdateTime:Sun Sep 20 2020 06:00:45 GMT+0700 (+07)

<--- Last few GCs --->

[15434:0x37f1720]  1117552 ms: Scavenge 30.9 (36.8) -> 29.9 (37.3) MB, 0.6 / 0.0 ms  allocation failure 
[15434:0x37f1720]  1336135 ms: Scavenge 30.9 (37.3) -> 29.9 (37.3) MB, 0.7 / 0.0 ms  allocation failure 
[15434:0x37f1720]  1555135 ms: Scavenge 30.9 (37.3) -> 30.0 (37.3) MB, 0.7 / 0.0 ms  allocation failure 
[15434:0x37f1720]  1775138 ms: Scavenge 30.9 (37.3) -> 30.0 (37.3) MB, 4.4 / 0.0 ms  allocation failure 


<--- JS stacktrace --->

==== JS stack trace =========================================

Security context: 0x273fb05a5891 <JSObject>
    1: next(this=0x1d84fbe7ff91 <MapIterator map = 0x3284548860e9>)
    2: updateServers(aka updateServers) [/root/AppWeb/totalWanrranty.autofarmer/node_modules/mongodb/lib/core/sdam/topology.js:896] [bytecode=0x2cb1be7c1309 offset=137](this=0x25121c6822d1 <undefined>,topology=0xac945f4d741 <EventEmitter map = 0x13a37f38d991>,incomingServerDescription=0x1d84fbe7f011 <ServerDescription map = 0x3f...

8C7Z4N
JXUYF8
KRLFCL
insert xong tổng bảo hành
UpdateTime:Sun Sep 20 2020 06:59:23 GMT+0700 (+07)
8C7Z4N
Connect success
JXUYF8
KRLFCL
insert xong tổng bảo hành
UpdateTime:Sun Sep 20 2020 07:00:50 GMT+0700 (+07)

<--- Last few GCs --->
re[16312:0x23c4720]    58314 ms: Mark-sweep 31.3 (71.8) -> 30.1 (37.3) MB, 65.5 / 0.1 ms  (+ 73.7 ms in 141 steps since start of marking, biggest step 4.1 ms, walltime since start of marking 141 ms) finalize incremental marking via task GC in old space requ[16312:0x23c4720]    59663 ms: Mark-sweep 30.1 (37.8) -> 29.9 (36.8) MB, 45.3 / 0.1 ms  (+ 302.8 ms in 101 steps since start of marking, biggest step 37.7 ms, walltime since start of marking 349 ms) finalize incremental marking via task GC in old space re

<--- JS stacktrace --->

==== JS stack trace =========================================

Security context: 0x2d06148a5891 <JSObject>
    3: createTimersList(aka createTimersList) [timers.js:201] [bytecode=0xc16c26f3ce1 offset=45](this=0x1cc00a022d1 <undefined>,msecs=713,unrefed=0x1cc00a023e1 <false>)
    4: insert(aka insert) [timers.js:179] [bytecode=0xc16c26c0dc1 offset=85](this=0x1cc00a022d1 <undefined>,item=0x142109a7fee1 <Timeout map = 0x199643b93819>,unrefed=0x1cc00a023e1 <false>)
    5: /* anonymous */(aka /* anonymous...


<--- Last few GCs --->

[12725:0x41a6720] 10958999 ms: Scavenge 41.8 (52.8) -> 40.8 (52.8) MB, 1.3 / 0.0 ms  allocation failure 
[12725:0x41a6720] 11234923 ms: Scavenge 41.8 (52.8) -> 40.8 (52.8) MB, 1.3 / 0.0 ms  allocation failure 
[12725:0x41a6720] 11484990 ms: Scavenge 41.8 (52.8) -> 40.8 (52.8) MB, 1.1 / 0.0 ms  allocation failure 
[12725:0x41a6720] 11734237 ms: Scavenge 41.8 (52.8) -> 40.8 (52.8) MB, 2.0 / 0.0 ms  allocation failure 


<--- JS stacktrace --->

==== JS stack trace =========================================

Security context: 0x240ff1e25891 <JSObject>
    3: _command(aka _command) [/root/AppWeb/totalWanrranty.autofarmer/node_modules/mongodb/lib/core/wireprotocol/command.js:87] [bytecode=0x2899ea71d881 offset=325](this=0x16144f8022d1 <undefined>,server=0xcb3213ffdc1 <Object map = 0x20a246f82af1>,ns=0x1c26204dcb79 <String[10]: admin.$cmd>,cmd=0xcb3213ffd49 <Object map = 0xe26d013a5f1>,options=0xcb3213ffeb9 <Object map = 0x23b797b023b9>,callback...

Connect success

<--- Last few GCs --->
re[16824:0x240a720]    58683 ms: Mark-sweep 31.1 (78.8) -> 30.0 (37.3) MB, 58.4 / 0.0 ms  (+ 221.0 ms in 146 steps since start of marking, biggest step 23.2 ms, walltime since start of marking 281 ms) finalize incremental marking via task GC in old space re[16824:0x240a720]    59788 ms: Mark-sweep 30.0 (37.3) -> 29.8 (36.8) MB, 13.7 / 0.1 ms  (+ 88.5 ms in 175 steps since start of marking, biggest step 9.4 ms, walltime since start of marking 103 ms) finalize incremental marking via task GC in old space requ

<--- JS stacktrace --->

Connect success
ErrorError: Redis connection to 127.0.0.1:6379 failed - connect ECONNREFUSED 127.0.0.1:6379
Connect success
8C7Z4N
JXUYF8
KRLFCL
insert xong tổng bảo hành
UpdateTime:Sun Sep 20 2020 10:59:24 GMT+0700 (+07)
Connect success
8C7Z4N
JXUYF8
KRLFCL
insert xong tổng bảo hành
UpdateTime:Sun Sep 20 2020 11:01:03 GMT+0700 (+07)

<--- Last few GCs --->

[1768:0x3f7d720]  3660766 ms: Scavenge 41.1 (46.8) -> 40.1 (46.8) MB, 3.3 / 0.0 ms  allocation failure 
[1768:0x3f7d720]  3661243 ms: Scavenge 41.1 (46.8) -> 40.1 (46.8) MB, 17.2 / 0.0 ms  allocation failure 
[1768:0x3f7d720]  3661921 ms: Scavenge 41.1 (46.8) -> 40.1 (46.8) MB, 0.6 / 0.0 ms  allocation failure 
[1768:0x3f7d720]  3743810 ms: Scavenge 41.1 (46.8) -> 40.2 (46.8) MB, 1.3 / 0.0 ms  allocation failure 


<--- JS stacktrace --->

==== JS stack trace =========================================

Security context: 0x5cf0e3a5891 <JSObject>
    1: split(this=0x204fd173d571 <String[83]: 1,2,3,4,5,6,7,8,9,10,11,12,13,14,15,16,17,18,19,20,21,22,23,24,25,26,27,28,29,30,31>)
    2: mustRun(aka mustRun) [/root/AppWeb/totalWanrranty.autofarmer/node_modules/node-cron/src/task.js:~17] [pc=0x12d0a5cc9384](this=0x1600d5e022d1 <undefined>,task=0x204fd173bb59 <Task map = 0x29e755813ce9>,date=0xcfd1ea7f6c9 <Date map = 0x32363d003dd9>)
    3: upda...

8C7Z4N
JXUYF8
KRLFCL
insert xong tổng bảo hành
UpdateTime:Sun Sep 20 2020 11:59:24 GMT+0700 (+07)
Connect success
8C7Z4N
JXUYF8
KRLFCL
insert xong tổng bảo hành
UpdateTime:Sun Sep 20 2020 12:00:58 GMT+0700 (+07)

<--- Last few GCs --->

[2238:0x23fa720]  3653492 ms: Scavenge 41.1 (46.8) -> 40.1 (46.8) MB, 1.3 / 0.0 ms  allocation failure 
[2238:0x23fa720]  3654263 ms: Scavenge 41.1 (46.8) -> 40.1 (46.8) MB, 5.3 / 0.0 ms  allocation failure 
[2238:0x23fa720]  3656677 ms: Scavenge 41.1 (46.8) -> 40.2 (46.8) MB, 0.9 / 0.0 ms  allocation failure 
[2238:0x23fa720]  3729569 ms: Scavenge 41.2 (46.8) -> 40.2 (46.8) MB, 0.8 / 0.0 ms  allocation failure 


<--- JS stacktrace --->

==== JS stack trace =========================================

Security context: 0x12a5ef4a5891 <JSObject>
    1: split(this=0x2c4cdaefa409 <String[83]: 1,2,3,4,5,6,7,8,9,10,11,12,13,14,15,16,17,18,19,20,21,22,23,24,25,26,27,28,29,30,31>)
    2: mustRun(aka mustRun) [/root/AppWeb/totalWanrranty.autofarmer/node_modules/node-cron/src/task.js:~17] [pc=0x28ede44a2fc4](this=0x268b31e822d1 <undefined>,task=0x2c4cdaef74a9 <Task map = 0x181e034138c9>,date=0x10d439e7f689 <Date map = 0x73e8ee83dd9>)
    3: upd...

8C7Z4N
JXUYF8
KRLFCL
insert xong tổng bảo hành
UpdateTime:Sun Sep 20 2020 12:59:24 GMT+0700 (+07)
Connect success
8C7Z4N
JXUYF8
KRLFCL
insert xong tổng bảo hành
UpdateTime:Sun Sep 20 2020 13:00:56 GMT+0700 (+07)
8C7Z4N
8C7Z4N
JXUYF8
JXUYF8
KRLFCL
KRLFCL
insert xong tổng bảo hành
UpdateTime:Sun Sep 20 2020 14:00:02 GMT+0700 (+07)
insert xong tổng bảo hành
UpdateTime:Sun Sep 20 2020 14:00:02 GMT+0700 (+07)
Connect success
8C7Z4N
8C7Z4N
JXUYF8
JXUYF8
KRLFCL
KRLFCL
insert xong tổng bảo hành
UpdateTime:Sun Sep 20 2020 14:01:23 GMT+0700 (+07)
insert xong tổng bảo hành
UpdateTime:Sun Sep 20 2020 14:01:23 GMT+0700 (+07)

<--- Last few GCs --->

[2766:0x38bb720]  7992507 ms: Scavenge 41.6 (50.8) -> 40.6 (50.8) MB, 1.8 / 0.0 ms  allocation failure 
[2766:0x38bb720]  8263255 ms: Scavenge 41.6 (50.8) -> 40.6 (50.8) MB, 1.4 / 0.0 ms  allocation failure 
[2766:0x38bb720]  8503919 ms: Scavenge 41.6 (50.8) -> 40.6 (50.8) MB, 1.3 / 0.0 ms  allocation failure 


<--- JS stacktrace --->

==== JS stack trace =========================================

Security context: 0x34009dd25891 <JSObject>
    1: split(this=0x31253e0b2239 <String[4]: 0,59>)
    2: _onTimeout [/root/AppWeb/totalWanrranty.autofarmer/node_modules/node-cron/src/scheduled-task.js:~80] [pc=0x5bee783879b](this=0x198f58e7e4f9 <Timeout map = 0x177392014001>)
    3: ontimeout(aka ontimeout) [timers.js:498] [bytecode=0x23580b28e751 offset=45](this=0x81be0e022d1 <undefined>,timer=0x198f58e7e4f9 <Timeout map = 0x177392014001>)...


<--- Last few GCs --->

[4507:0x21bd720]  2241837 ms: Scavenge 31.0 (37.3) -> 30.0 (37.3) MB, 1.4 / 0.0 ms  allocation failure 
[4507:0x21bd720]  2457948 ms: Scavenge 31.0 (37.3) -> 30.0 (37.3) MB, 2.2 / 0.0 ms  allocation failure 
[4507:0x21bd720]  2679947 ms: Scavenge 31.1 (37.3) -> 30.1 (37.3) MB, 1.6 / 0.0 ms  allocation failure 
[4507:0x21bd720]  2903950 ms: Scavenge 31.1 (37.3) -> 30.1 (37.3) MB, 0.7 / 0.0 ms  allocation failure 


<--- JS stacktrace --->

==== JS stack trace =========================================

Security context: 0x3abbce6a5891 <JSObject>
    1: split(this=0x34ef894e8f51 <String[26]: 1,2,3,4,5,6,7,8,9,10,11,12>)
    2: mustRun(aka mustRun) [/root/AppWeb/totalWanrranty.autofarmer/node_modules/node-cron/src/task.js:~17] [pc=0x5a497acfb48](this=0x17ca123022d1 <undefined>,task=0x34ef894e6e01 <Task map = 0x24c00ca93139>,date=0x2dd2cee7f5c1 <Date map = 0x2822d2383dd9>)
    3: update [/root/AppWeb/totalWanrranty.autofarmer/node_modules/...


<--- Last few GCs --->

[3659:0x2360720]  5952126 ms: Scavenge 41.5 (48.8) -> 40.5 (48.8) MB, 2.1 / 0.1 ms  allocation failure 
[3659:0x2360720]  6185352 ms: Scavenge 41.5 (48.8) -> 40.5 (48.8) MB, 0.8 / 0.0 ms  allocation failure 
[3659:0x2360720]  6424399 ms: Scavenge 41.5 (48.8) -> 40.5 (48.8) MB, 0.9 / 0.0 ms  allocation failure 
[3659:0x2360720]  6662705 ms: Scavenge 41.5 (48.8) -> 40.5 (48.8) MB, 1.7 / 0.0 ms  allocation failure 


<--- JS stacktrace --->

==== JS stack trace =========================================

Security context: 0x21c47e325891 <JSObject>
    1: deserializeObject(aka deserializeObject) [/root/AppWeb/totalWanrranty.autofarmer/node_modules/bson/lib/bson/parser/deserializer.js:~43] [pc=0x10ffc12b25b8](this=0x1c9e72b022d1 <undefined>,buffer=0x27fbb73ffc21 <Uint8Array map = 0x10f2313bbe01>,index=0,options=0x27fbb73ffbf1 <Object map = 0x1a977b4e47b1>,isArray=0x1c9e72b022d1 <undefined>)
    2: parse [/root/AppWeb/totalWanrranty.autofarm...

Connect success
ErrorError: Redis connection to 127.0.0.1:6379 failed - connect ECONNREFUSED 127.0.0.1:6379
